<?xml version="1.0" encoding="utf-8"?>
<dataroot generated="2016-08-25T09:18:31">
 <ExportList>
  <FormName>
   otherForm_0
  </FormName>
  <UserID>
   USER178
  </UserID>
  <OpeningTimestamp>
   2016-08-25T09:18:23
  </OpeningTimestamp>
 </ExportList>
 <ExportList>
  <FormName>
   LEVEL2_FORM_11
  </FormName>
  <UserID>
   USER178
  </UserID>
  <OpeningTimestamp>
   2016-08-25T09:18:21
  </OpeningTimestamp>
 </ExportList>
 <ExportList>
  <FormName>
   LEVEL1_HOME_FORM
  </FormName>
  <UserID>
   USER178
  </UserID>
  <OpeningTimestamp>
   2016-08-25T09:18:19
  </OpeningTimestamp>
 </ExportList>
 <ExportList>
  <FormName>
   otherForm_273
  </FormName>
  <UserID>
   USER179
  </UserID>
  <OpeningTimestamp>
   2016-08-23T15:27:26
  </OpeningTimestamp>
  <ClosingTimestamp>
   2016-08-23T15:27:29
  </ClosingTimestamp>
 </ExportList>
 <ExportList>
  <FormName>
   otherForm_274
  </FormName>
  <UserID>
   USER179
  </UserID>
  <OpeningTimestamp>
   2016-08-23T15:27:18
  </OpeningTimestamp>
  <ClosingTimestamp>
   2016-08-23T15:27:29
  </ClosingTimestamp>
 </ExportList>
 <ExportList>
  <FormName>
   LEVEL1_HOME_FORM
  </FormName>
  <UserID>
   USER179
  </UserID>
  <OpeningTimestamp>
   2016-08-23T15:26:14
  </OpeningTimestamp>
 </ExportList>
 <ExportList>
  <FormName>
   LEVEL1_HOME_FORM
  </FormName>
  <UserID>
   USER179
  </UserID>
  <OpeningTimestamp>
   2016-08-23T15:24:29
  </OpeningTimestamp>
  <ClosingTimestamp>
   2016-08-23T15:24:39
  </ClosingTimestamp>
 </ExportList>
 <ExportList>
  <FormName>
   otherForm_273
  </FormName>
  <UserID>
   USER179
  </UserID>
  <OpeningTimestamp>
   2016-08-23T15:20:53
  </OpeningTimestamp>
  <ClosingTimestamp>
   2016-08-23T15:20:56
  </ClosingTimestamp>
 </ExportList>
 <ExportList>
  <FormName>
   otherForm_274
  </FormName>
  <UserID>
   USER179
  </UserID>
  <OpeningTimestamp>
   2016-08-23T15:20:51
  </OpeningTimestamp>
  <ClosingTimestamp>
   2016-08-23T15:21:04
  </ClosingTimestamp>
 </ExportList>
 <ExportList>
  <FormName>
   LEVEL1_HOME_FORM
  </FormName>
  <UserID>
   USER179
  </UserID>
  <OpeningTimestamp>
   2016-08-23T15:20:40
  </OpeningTimestamp>
  <ClosingTimestamp>
   2016-08-23T15:21:05
  </ClosingTimestamp>
 </ExportList>
 <ExportList>
  <FormName>
   otherForm_273
  </FormName>
  <UserID>
   USER179
  </UserID>
  <OpeningTimestamp>
   2016-08-23T15:13:16
  </OpeningTimestamp>
  <ClosingTimestamp>
   2016-08-23T15:13:23
  </ClosingTimestamp>
 </ExportList>
 <ExportList>
  <FormName>
   otherForm_274
  </FormName>
  <UserID>
   USER179
  </UserID>
  <OpeningTimestamp>
   2016-08-23T15:13:14
  </OpeningTimestamp>
  <ClosingTimestamp>
   2016-08-23T15:13:24
  </ClosingTimestamp>
 </ExportList>
 <ExportList>
  <FormName>
   LEVEL2_FORM_4
  </FormName>
  <UserID>
   USER179
  </UserID>
  <OpeningTimestamp>
   2016-08-23T15:13:13
  </OpeningTimestamp>
  <ClosingTimestamp>
   2016-08-23T15:13:28
  </ClosingTimestamp>
 </ExportList>
 <ExportList>
  <FormName>
   otherForm_273
  </FormName>
  <UserID>
   USER179
  </UserID>
  <OpeningTimestamp>
   2016-08-23T15:13:04
  </OpeningTimestamp>
  <ClosingTimestamp>
   2016-08-23T15:13:08
  </ClosingTimestamp>
 </ExportList>
 <ExportList>
  <FormName>
   otherForm_273
  </FormName>
  <UserID>
   USER179
  </UserID>
  <OpeningTimestamp>
   2016-08-23T15:12:58
  </OpeningTimestamp>
  <ClosingTimestamp>
   2016-08-23T15:13:02
  </ClosingTimestamp>
 </ExportList>
 <ExportList>
  <FormName>
   otherForm_274
  </FormName>
  <UserID>
   USER179
  </UserID>
  <OpeningTimestamp>
   2016-08-23T15:12:57
  </OpeningTimestamp>
  <ClosingTimestamp>
   2016-08-23T15:13:09
  </ClosingTimestamp>
 </ExportList>
 <ExportList>
  <FormName>
   LEVEL1_HOME_FORM
  </FormName>
  <UserID>
   USER179
  </UserID>
  <OpeningTimestamp>
   2016-08-23T15:12:43
  </OpeningTimestamp>
  <ClosingTimestamp>
   2016-08-23T15:13:28
  </ClosingTimestamp>
 </ExportList>
 <ExportList>
  <FormName>
   otherForm_47
  </FormName>
  <UserID>
   USER179
  </UserID>
  <OpeningTimestamp>
   2016-03-09T15:10:43
  </OpeningTimestamp>
  <ClosingTimestamp>
   2016-03-09T15:10:44
  </ClosingTimestamp>
 </ExportList>
 <ExportList>
  <FormName>
   otherForm_273
  </FormName>
  <UserID>
   USER179
  </UserID>
  <OpeningTimestamp>
   2016-03-09T15:10:28
  </OpeningTimestamp>
  <ClosingTimestamp>
   2016-03-09T15:10:38
  </ClosingTimestamp>
 </ExportList>
 <ExportList>
  <FormName>
   otherForm_274
  </FormName>
  <UserID>
   USER179
  </UserID>
  <OpeningTimestamp>
   2016-03-09T15:10:26
  </OpeningTimestamp>
  <ClosingTimestamp>
   2016-03-09T15:10:39
  </ClosingTimestamp>
 </ExportList>
 <ExportList>
  <FormName>
   LEVEL2_FORM_2
  </FormName>
  <UserID>
   USER179
  </UserID>
  <OpeningTimestamp>
   2016-03-09T15:10:25
  </OpeningTimestamp>
  <ClosingTimestamp>
   2016-03-09T15:10:41
  </ClosingTimestamp>
 </ExportList>
 <ExportList>
  <FormName>
   otherForm_273
  </FormName>
  <UserID>
   USER179
  </UserID>
  <OpeningTimestamp>
   2016-03-09T15:10:08
  </OpeningTimestamp>
  <ClosingTimestamp>
   2016-03-09T15:10:16
  </ClosingTimestamp>
 </ExportList>
 <ExportList>
  <FormName>
   otherForm_273
  </FormName>
  <UserID>
   USER179
  </UserID>
  <OpeningTimestamp>
   2016-03-09T15:10:01
  </OpeningTimestamp>
  <ClosingTimestamp>
   2016-03-09T15:10:05
  </ClosingTimestamp>
 </ExportList>
 <ExportList>
  <FormName>
   otherForm_274
  </FormName>
  <UserID>
   USER179
  </UserID>
  <OpeningTimestamp>
   2016-03-09T15:09:59
  </OpeningTimestamp>
  <ClosingTimestamp>
   2016-03-09T15:10:18
  </ClosingTimestamp>
 </ExportList>
 <ExportList>
  <FormName>
   otherForm_141
  </FormName>
  <UserID>
   USER179
  </UserID>
  <OpeningTimestamp>
   2016-03-09T15:09:57
  </OpeningTimestamp>
  <ClosingTimestamp>
   2016-03-09T15:10:19
  </ClosingTimestamp>
 </ExportList>
 <ExportList>
  <FormName>
   otherForm_273
  </FormName>
  <UserID>
   USER179
  </UserID>
  <OpeningTimestamp>
   2016-03-09T15:09:42
  </OpeningTimestamp>
  <ClosingTimestamp>
   2016-03-09T15:09:51
  </ClosingTimestamp>
 </ExportList>
 <ExportList>
  <FormName>
   otherForm_274
  </FormName>
  <UserID>
   USER179
  </UserID>
  <OpeningTimestamp>
   2016-03-09T15:09:40
  </OpeningTimestamp>
  <ClosingTimestamp>
   2016-03-09T15:09:52
  </ClosingTimestamp>
 </ExportList>
 <ExportList>
  <FormName>
   LEVEL2_FORM_3
  </FormName>
  <UserID>
   USER179
  </UserID>
  <OpeningTimestamp>
   2016-03-09T15:09:37
  </OpeningTimestamp>
  <ClosingTimestamp>
   2016-03-09T15:09:54
  </ClosingTimestamp>
 </ExportList>
 <ExportList>
  <FormName>
   otherForm_210
  </FormName>
  <UserID>
   USER179
  </UserID>
  <OpeningTimestamp>
   2016-03-09T15:08:29
  </OpeningTimestamp>
  <ClosingTimestamp>
   2016-03-09T15:09:12
  </ClosingTimestamp>
 </ExportList>
 <ExportList>
  <FormName>
   otherForm_195
  </FormName>
  <UserID>
   USER179
  </UserID>
  <OpeningTimestamp>
   2016-03-09T15:08:22
  </OpeningTimestamp>
  <ClosingTimestamp>
   2016-03-09T15:08:27
  </ClosingTimestamp>
 </ExportList>
 <ExportList>
  <FormName>
   otherForm_208
  </FormName>
  <UserID>
   USER179
  </UserID>
  <OpeningTimestamp>
   2016-03-09T15:08:18
  </OpeningTimestamp>
  <ClosingTimestamp>
   2016-03-09T15:09:33
  </ClosingTimestamp>
 </ExportList>
 <ExportList>
  <FormName>
   otherForm_652
  </FormName>
  <UserID>
   USER179
  </UserID>
  <OpeningTimestamp>
   2016-03-09T15:08:00
  </OpeningTimestamp>
  <ClosingTimestamp>
   2016-03-09T15:08:05
  </ClosingTimestamp>
 </ExportList>
 <ExportList>
  <FormName>
   otherForm_267
  </FormName>
  <UserID>
   USER179
  </UserID>
  <OpeningTimestamp>
   2016-03-09T15:07:23
  </OpeningTimestamp>
  <ClosingTimestamp>
   2016-03-09T15:07:31
  </ClosingTimestamp>
 </ExportList>
 <ExportList>
  <FormName>
   otherForm_351
  </FormName>
  <UserID>
   USER179
  </UserID>
  <OpeningTimestamp>
   2016-03-09T15:07:14
  </OpeningTimestamp>
  <ClosingTimestamp>
   2016-03-09T15:07:19
  </ClosingTimestamp>
 </ExportList>
 <ExportList>
  <FormName>
   otherForm_464
  </FormName>
  <UserID>
   USER179
  </UserID>
  <OpeningTimestamp>
   2016-03-09T15:06:12
  </OpeningTimestamp>
  <ClosingTimestamp>
   2016-03-09T15:06:42
  </ClosingTimestamp>
 </ExportList>
 <ExportList>
  <FormName>
   otherForm_289
  </FormName>
  <UserID>
   USER179
  </UserID>
  <OpeningTimestamp>
   2016-03-09T15:06:11
  </OpeningTimestamp>
  <ClosingTimestamp>
   2016-03-09T15:06:43
  </ClosingTimestamp>
 </ExportList>
 <ExportList>
  <FormName>
   otherForm_273
  </FormName>
  <UserID>
   USER179
  </UserID>
  <OpeningTimestamp>
   2016-03-09T15:05:38
  </OpeningTimestamp>
  <ClosingTimestamp>
   2016-03-09T15:06:09
  </ClosingTimestamp>
 </ExportList>
 <ExportList>
  <FormName>
   otherForm_274
  </FormName>
  <UserID>
   USER179
  </UserID>
  <OpeningTimestamp>
   2016-03-09T15:05:35
  </OpeningTimestamp>
  <ClosingTimestamp>
   2016-03-09T15:06:09
  </ClosingTimestamp>
 </ExportList>
 <ExportList>
  <FormName>
   otherForm_226
  </FormName>
  <UserID>
   USER179
  </UserID>
  <OpeningTimestamp>
   2016-03-09T15:05:22
  </OpeningTimestamp>
  <ClosingTimestamp>
   2016-03-09T15:05:28
  </ClosingTimestamp>
 </ExportList>
 <ExportList>
  <FormName>
   otherForm_72
  </FormName>
  <UserID>
   USER179
  </UserID>
  <OpeningTimestamp>
   2016-03-09T15:05:10
  </OpeningTimestamp>
  <ClosingTimestamp>
   2016-03-09T15:09:34
  </ClosingTimestamp>
 </ExportList>
 <ExportList>
  <FormName>
   otherForm_365
  </FormName>
  <UserID>
   USER179
  </UserID>
  <OpeningTimestamp>
   2016-03-09T15:03:55
  </OpeningTimestamp>
  <ClosingTimestamp>
   2016-03-09T15:05:02
  </ClosingTimestamp>
 </ExportList>
 <ExportList>
  <FormName>
   otherForm_366
  </FormName>
  <UserID>
   USER179
  </UserID>
  <OpeningTimestamp>
   2016-03-09T15:03:52
  </OpeningTimestamp>
  <ClosingTimestamp>
   2016-03-09T15:03:54
  </ClosingTimestamp>
 </ExportList>
 <ExportList>
  <FormName>
   otherForm_364
  </FormName>
  <UserID>
   USER179
  </UserID>
  <OpeningTimestamp>
   2016-03-09T15:03:27
  </OpeningTimestamp>
  <ClosingTimestamp>
   2016-03-09T15:03:50
  </ClosingTimestamp>
 </ExportList>
 <ExportList>
  <FormName>
   otherForm_401
  </FormName>
  <UserID>
   USER179
  </UserID>
  <OpeningTimestamp>
   2016-03-09T15:03:24
  </OpeningTimestamp>
  <ClosingTimestamp>
   2016-03-09T15:03:25
  </ClosingTimestamp>
 </ExportList>
 <ExportList>
  <FormName>
   otherForm_632
  </FormName>
  <UserID>
   USER179
  </UserID>
  <OpeningTimestamp>
   2016-03-09T15:03:21
  </OpeningTimestamp>
  <ClosingTimestamp>
   2016-03-09T15:03:23
  </ClosingTimestamp>
 </ExportList>
 <ExportList>
  <FormName>
   otherForm_305
  </FormName>
  <UserID>
   USER179
  </UserID>
  <OpeningTimestamp>
   2016-03-09T15:01:35
  </OpeningTimestamp>
  <ClosingTimestamp>
   2016-03-09T15:03:01
  </ClosingTimestamp>
 </ExportList>
 <ExportList>
  <FormName>
   otherForm_396
  </FormName>
  <UserID>
   USER179
  </UserID>
  <OpeningTimestamp>
   2016-03-09T15:00:58
  </OpeningTimestamp>
  <ClosingTimestamp>
   2016-03-09T15:01:30
  </ClosingTimestamp>
 </ExportList>
 <ExportList>
  <FormName>
   otherForm_87
  </FormName>
  <UserID>
   USER179
  </UserID>
  <OpeningTimestamp>
   2016-03-09T15:00:41
  </OpeningTimestamp>
  <ClosingTimestamp>
   2016-03-09T15:00:49
  </ClosingTimestamp>
 </ExportList>
 <ExportList>
  <FormName>
   otherForm_88
  </FormName>
  <UserID>
   USER179
  </UserID>
  <OpeningTimestamp>
   2016-03-09T15:00:37
  </OpeningTimestamp>
  <ClosingTimestamp>
   2016-03-09T15:00:50
  </ClosingTimestamp>
 </ExportList>
 <ExportList>
  <FormName>
   otherForm_1
  </FormName>
  <UserID>
   USER179
  </UserID>
  <OpeningTimestamp>
   2016-03-09T14:59:14
  </OpeningTimestamp>
  <ClosingTimestamp>
   2016-03-09T15:03:03
  </ClosingTimestamp>
 </ExportList>
 <ExportList>
  <FormName>
   otherForm_316
  </FormName>
  <UserID>
   USER179
  </UserID>
  <OpeningTimestamp>
   2016-03-09T14:59:00
  </OpeningTimestamp>
  <ClosingTimestamp>
   2016-03-09T14:59:11
  </ClosingTimestamp>
 </ExportList>
 <ExportList>
  <FormName>
   otherForm_20
  </FormName>
  <UserID>
   USER179
  </UserID>
  <OpeningTimestamp>
   2016-03-09T14:58:58
  </OpeningTimestamp>
  <ClosingTimestamp>
   2016-03-09T14:58:59
  </ClosingTimestamp>
 </ExportList>
 <ExportList>
  <FormName>
   LEVEL2_FORM_1
  </FormName>
  <UserID>
   USER179
  </UserID>
  <OpeningTimestamp>
   2016-03-09T14:58:54
  </OpeningTimestamp>
  <ClosingTimestamp>
   2016-03-09T15:03:04
  </ClosingTimestamp>
 </ExportList>
 <ExportList>
  <FormName>
   otherForm_347
  </FormName>
  <UserID>
   USER179
  </UserID>
  <OpeningTimestamp>
   2016-03-09T14:56:54
  </OpeningTimestamp>
  <ClosingTimestamp>
   2016-03-09T14:57:04
  </ClosingTimestamp>
 </ExportList>
 <ExportList>
  <FormName>
   otherForm_103
  </FormName>
  <UserID>
   USER179
  </UserID>
  <OpeningTimestamp>
   2016-03-09T14:56:52
  </OpeningTimestamp>
  <ClosingTimestamp>
   2016-03-09T14:57:06
  </ClosingTimestamp>
 </ExportList>
 <ExportList>
  <FormName>
   otherForm_305
  </FormName>
  <UserID>
   USER179
  </UserID>
  <OpeningTimestamp>
   2016-03-09T14:55:23
  </OpeningTimestamp>
  <ClosingTimestamp>
   2016-03-09T15:00:34
  </ClosingTimestamp>
 </ExportList>
 <ExportList>
  <FormName>
   otherForm_306
  </FormName>
  <UserID>
   USER179
  </UserID>
  <OpeningTimestamp>
   2016-03-09T14:55:18
  </OpeningTimestamp>
  <ClosingTimestamp>
   2016-03-09T15:03:06
  </ClosingTimestamp>
 </ExportList>
 <ExportList>
  <FormName>
   LEVEL2_FORM_11
  </FormName>
  <UserID>
   USER179
  </UserID>
  <OpeningTimestamp>
   2016-03-09T14:55:14
  </OpeningTimestamp>
  <ClosingTimestamp>
   2016-03-09T15:05:06
  </ClosingTimestamp>
 </ExportList>
 <ExportList>
  <FormName>
   otherForm_347
  </FormName>
  <UserID>
   USER179
  </UserID>
  <OpeningTimestamp>
   2016-03-09T14:55:07
  </OpeningTimestamp>
  <ClosingTimestamp>
   2016-03-09T14:55:10
  </ClosingTimestamp>
 </ExportList>
 <ExportList>
  <FormName>
   otherForm_103
  </FormName>
  <UserID>
   USER179
  </UserID>
  <OpeningTimestamp>
   2016-03-09T14:55:06
  </OpeningTimestamp>
  <ClosingTimestamp>
   2016-03-09T14:55:11
  </ClosingTimestamp>
 </ExportList>
 <ExportList>
  <FormName>
   otherForm_305
  </FormName>
  <UserID>
   USER179
  </UserID>
  <OpeningTimestamp>
   2016-03-09T14:54:19
  </OpeningTimestamp>
  <ClosingTimestamp>
   2016-03-09T14:55:00
  </ClosingTimestamp>
 </ExportList>
 <ExportList>
  <FormName>
   otherForm_396
  </FormName>
  <UserID>
   USER179
  </UserID>
  <OpeningTimestamp>
   2016-03-09T14:53:44
  </OpeningTimestamp>
  <ClosingTimestamp>
   2016-03-09T14:53:58
  </ClosingTimestamp>
 </ExportList>
 <ExportList>
  <FormName>
   otherForm_306
  </FormName>
  <UserID>
   USER179
  </UserID>
  <OpeningTimestamp>
   2016-03-09T14:53:35
  </OpeningTimestamp>
  <ClosingTimestamp>
   2016-03-09T14:55:01
  </ClosingTimestamp>
 </ExportList>
 <ExportList>
  <FormName>
   otherForm_87
  </FormName>
  <UserID>
   USER179
  </UserID>
  <OpeningTimestamp>
   2016-03-09T14:53:26
  </OpeningTimestamp>
  <ClosingTimestamp>
   2016-03-09T14:53:30
  </ClosingTimestamp>
 </ExportList>
 <ExportList>
  <FormName>
   otherForm_88
  </FormName>
  <UserID>
   USER179
  </UserID>
  <OpeningTimestamp>
   2016-03-09T14:53:21
  </OpeningTimestamp>
  <ClosingTimestamp>
   2016-03-09T14:53:30
  </ClosingTimestamp>
 </ExportList>
 <ExportList>
  <FormName>
   otherForm_305
  </FormName>
  <UserID>
   USER179
  </UserID>
  <OpeningTimestamp>
   2016-03-09T14:52:14
  </OpeningTimestamp>
  <ClosingTimestamp>
   2016-03-09T14:53:19
  </ClosingTimestamp>
 </ExportList>
 <ExportList>
  <FormName>
   otherForm_396
  </FormName>
  <UserID>
   USER179
  </UserID>
  <OpeningTimestamp>
   2016-03-09T14:51:56
  </OpeningTimestamp>
  <ClosingTimestamp>
   2016-03-09T14:52:12
  </ClosingTimestamp>
 </ExportList>
 <ExportList>
  <FormName>
   otherForm_306
  </FormName>
  <UserID>
   USER179
  </UserID>
  <OpeningTimestamp>
   2016-03-09T14:51:54
  </OpeningTimestamp>
  <ClosingTimestamp>
   2016-03-09T14:53:20
  </ClosingTimestamp>
 </ExportList>
 <ExportList>
  <FormName>
   otherForm_87
  </FormName>
  <UserID>
   USER179
  </UserID>
  <OpeningTimestamp>
   2016-03-09T14:51:46
  </OpeningTimestamp>
  <ClosingTimestamp>
   2016-03-09T14:51:50
  </ClosingTimestamp>
 </ExportList>
 <ExportList>
  <FormName>
   otherForm_88
  </FormName>
  <UserID>
   USER179
  </UserID>
  <OpeningTimestamp>
   2016-03-09T14:51:38
  </OpeningTimestamp>
  <ClosingTimestamp>
   2016-03-09T14:51:51
  </ClosingTimestamp>
 </ExportList>
 <ExportList>
  <FormName>
   otherForm_396
  </FormName>
  <UserID>
   USER179
  </UserID>
  <OpeningTimestamp>
   2016-03-09T14:51:30
  </OpeningTimestamp>
  <ClosingTimestamp>
   2016-03-09T14:51:35
  </ClosingTimestamp>
 </ExportList>
 <ExportList>
  <FormName>
   otherForm_305
  </FormName>
  <UserID>
   USER179
  </UserID>
  <OpeningTimestamp>
   2016-03-09T14:50:38
  </OpeningTimestamp>
  <ClosingTimestamp>
   2016-03-09T14:51:28
  </ClosingTimestamp>
 </ExportList>
 <ExportList>
  <FormName>
   otherForm_396
  </FormName>
  <UserID>
   USER179
  </UserID>
  <OpeningTimestamp>
   2016-03-09T14:49:43
  </OpeningTimestamp>
  <ClosingTimestamp>
   2016-03-09T14:50:35
  </ClosingTimestamp>
 </ExportList>
 <ExportList>
  <FormName>
   otherForm_306
  </FormName>
  <UserID>
   USER179
  </UserID>
  <OpeningTimestamp>
   2016-03-09T14:49:41
  </OpeningTimestamp>
  <ClosingTimestamp>
   2016-03-09T14:51:36
  </ClosingTimestamp>
 </ExportList>
 <ExportList>
  <FormName>
   otherForm_87
  </FormName>
  <UserID>
   USER179
  </UserID>
  <OpeningTimestamp>
   2016-03-09T14:49:34
  </OpeningTimestamp>
  <ClosingTimestamp>
   2016-03-09T14:49:38
  </ClosingTimestamp>
 </ExportList>
 <ExportList>
  <FormName>
   otherForm_88
  </FormName>
  <UserID>
   USER179
  </UserID>
  <OpeningTimestamp>
   2016-03-09T14:49:29
  </OpeningTimestamp>
  <ClosingTimestamp>
   2016-03-09T14:49:38
  </ClosingTimestamp>
 </ExportList>
 <ExportList>
  <FormName>
   otherForm_305
  </FormName>
  <UserID>
   USER179
  </UserID>
  <OpeningTimestamp>
   2016-03-09T14:49:11
  </OpeningTimestamp>
  <ClosingTimestamp>
   2016-03-09T14:49:25
  </ClosingTimestamp>
 </ExportList>
 <ExportList>
  <FormName>
   otherForm_396
  </FormName>
  <UserID>
   USER179
  </UserID>
  <OpeningTimestamp>
   2016-03-09T14:46:54
  </OpeningTimestamp>
  <ClosingTimestamp>
   2016-03-09T14:49:08
  </ClosingTimestamp>
 </ExportList>
 <ExportList>
  <FormName>
   otherForm_306
  </FormName>
  <UserID>
   USER179
  </UserID>
  <OpeningTimestamp>
   2016-03-09T14:46:52
  </OpeningTimestamp>
  <ClosingTimestamp>
   2016-03-09T14:49:27
  </ClosingTimestamp>
 </ExportList>
 <ExportList>
  <FormName>
   otherForm_87
  </FormName>
  <UserID>
   USER179
  </UserID>
  <OpeningTimestamp>
   2016-03-09T14:46:44
  </OpeningTimestamp>
  <ClosingTimestamp>
   2016-03-09T14:46:48
  </ClosingTimestamp>
 </ExportList>
 <ExportList>
  <FormName>
   otherForm_87
  </FormName>
  <UserID>
   USER179
  </UserID>
  <OpeningTimestamp>
   2016-03-09T14:46:38
  </OpeningTimestamp>
  <ClosingTimestamp>
   2016-03-09T14:46:42
  </ClosingTimestamp>
 </ExportList>
 <ExportList>
  <FormName>
   otherForm_87
  </FormName>
  <UserID>
   USER179
  </UserID>
  <OpeningTimestamp>
   2016-03-09T14:46:21
  </OpeningTimestamp>
  <ClosingTimestamp>
   2016-03-09T14:46:27
  </ClosingTimestamp>
 </ExportList>
 <ExportList>
  <FormName>
   otherForm_87
  </FormName>
  <UserID>
   USER179
  </UserID>
  <OpeningTimestamp>
   2016-03-09T14:46:11
  </OpeningTimestamp>
  <ClosingTimestamp>
   2016-03-09T14:46:15
  </ClosingTimestamp>
 </ExportList>
 <ExportList>
  <FormName>
   otherForm_88
  </FormName>
  <UserID>
   USER179
  </UserID>
  <OpeningTimestamp>
   2016-03-09T14:46:04
  </OpeningTimestamp>
  <ClosingTimestamp>
   2016-03-09T14:46:49
  </ClosingTimestamp>
 </ExportList>
 <ExportList>
  <FormName>
   otherForm_396
  </FormName>
  <UserID>
   USER179
  </UserID>
  <OpeningTimestamp>
   2016-03-09T14:44:19
  </OpeningTimestamp>
  <ClosingTimestamp>
   2016-03-09T14:46:01
  </ClosingTimestamp>
 </ExportList>
 <ExportList>
  <FormName>
   otherForm_306
  </FormName>
  <UserID>
   USER179
  </UserID>
  <OpeningTimestamp>
   2016-03-09T14:44:16
  </OpeningTimestamp>
  <ClosingTimestamp>
   2016-03-09T14:46:02
  </ClosingTimestamp>
 </ExportList>
 <ExportList>
  <FormName>
   otherForm_87
  </FormName>
  <UserID>
   USER179
  </UserID>
  <OpeningTimestamp>
   2016-03-09T14:44:04
  </OpeningTimestamp>
  <ClosingTimestamp>
   2016-03-09T14:44:08
  </ClosingTimestamp>
 </ExportList>
 <ExportList>
  <FormName>
   otherForm_87
  </FormName>
  <UserID>
   USER179
  </UserID>
  <OpeningTimestamp>
   2016-03-09T14:43:53
  </OpeningTimestamp>
  <ClosingTimestamp>
   2016-03-09T14:43:57
  </ClosingTimestamp>
 </ExportList>
 <ExportList>
  <FormName>
   otherForm_87
  </FormName>
  <UserID>
   USER179
  </UserID>
  <OpeningTimestamp>
   2016-03-09T14:43:33
  </OpeningTimestamp>
  <ClosingTimestamp>
   2016-03-09T14:43:37
  </ClosingTimestamp>
 </ExportList>
 <ExportList>
  <FormName>
   otherForm_87
  </FormName>
  <UserID>
   USER179
  </UserID>
  <OpeningTimestamp>
   2016-03-09T14:43:26
  </OpeningTimestamp>
  <ClosingTimestamp>
   2016-03-09T14:43:31
  </ClosingTimestamp>
 </ExportList>
 <ExportList>
  <FormName>
   otherForm_87
  </FormName>
  <UserID>
   USER179
  </UserID>
  <OpeningTimestamp>
   2016-03-09T14:43:10
  </OpeningTimestamp>
  <ClosingTimestamp>
   2016-03-09T14:43:16
  </ClosingTimestamp>
 </ExportList>
 <ExportList>
  <FormName>
   otherForm_87
  </FormName>
  <UserID>
   USER179
  </UserID>
  <OpeningTimestamp>
   2016-03-09T14:42:58
  </OpeningTimestamp>
  <ClosingTimestamp>
   2016-03-09T14:43:02
  </ClosingTimestamp>
 </ExportList>
 <ExportList>
  <FormName>
   otherForm_87
  </FormName>
  <UserID>
   USER179
  </UserID>
  <OpeningTimestamp>
   2016-03-09T14:42:27
  </OpeningTimestamp>
  <ClosingTimestamp>
   2016-03-09T14:42:33
  </ClosingTimestamp>
 </ExportList>
 <ExportList>
  <FormName>
   otherForm_87
  </FormName>
  <UserID>
   USER179
  </UserID>
  <OpeningTimestamp>
   2016-03-09T14:41:52
  </OpeningTimestamp>
  <ClosingTimestamp>
   2016-03-09T14:42:19
  </ClosingTimestamp>
 </ExportList>
 <ExportList>
  <FormName>
   otherForm_88
  </FormName>
  <UserID>
   USER179
  </UserID>
  <OpeningTimestamp>
   2016-03-09T14:41:45
  </OpeningTimestamp>
  <ClosingTimestamp>
   2016-03-09T14:44:13
  </ClosingTimestamp>
 </ExportList>
 <ExportList>
  <FormName>
   otherForm_305
  </FormName>
  <UserID>
   USER179
  </UserID>
  <OpeningTimestamp>
   2016-03-09T14:41:36
  </OpeningTimestamp>
  <ClosingTimestamp>
   2016-03-09T14:41:42
  </ClosingTimestamp>
 </ExportList>
 <ExportList>
  <FormName>
   otherForm_396
  </FormName>
  <UserID>
   USER179
  </UserID>
  <OpeningTimestamp>
   2016-03-09T14:35:39
  </OpeningTimestamp>
  <ClosingTimestamp>
   2016-03-09T14:41:34
  </ClosingTimestamp>
 </ExportList>
 <ExportList>
  <FormName>
   otherForm_306
  </FormName>
  <UserID>
   USER179
  </UserID>
  <OpeningTimestamp>
   2016-03-09T14:35:34
  </OpeningTimestamp>
  <ClosingTimestamp>
   2016-03-09T14:41:44
  </ClosingTimestamp>
 </ExportList>
 <ExportList>
  <FormName>
   otherForm_87
  </FormName>
  <UserID>
   USER179
  </UserID>
  <OpeningTimestamp>
   2016-03-09T14:35:24
  </OpeningTimestamp>
  <ClosingTimestamp>
   2016-03-09T14:35:29
  </ClosingTimestamp>
 </ExportList>
 <ExportList>
  <FormName>
   otherForm_87
  </FormName>
  <UserID>
   USER179
  </UserID>
  <OpeningTimestamp>
   2016-03-09T14:35:10
  </OpeningTimestamp>
  <ClosingTimestamp>
   2016-03-09T14:35:13
  </ClosingTimestamp>
 </ExportList>
 <ExportList>
  <FormName>
   otherForm_87
  </FormName>
  <UserID>
   USER179
  </UserID>
  <OpeningTimestamp>
   2016-03-09T14:34:59
  </OpeningTimestamp>
  <ClosingTimestamp>
   2016-03-09T14:35:04
  </ClosingTimestamp>
 </ExportList>
 <ExportList>
  <FormName>
   otherForm_87
  </FormName>
  <UserID>
   USER179
  </UserID>
  <OpeningTimestamp>
   2016-03-09T14:34:43
  </OpeningTimestamp>
  <ClosingTimestamp>
   2016-03-09T14:34:49
  </ClosingTimestamp>
 </ExportList>
 <ExportList>
  <FormName>
   otherForm_87
  </FormName>
  <UserID>
   USER179
  </UserID>
  <OpeningTimestamp>
   2016-03-09T14:34:33
  </OpeningTimestamp>
  <ClosingTimestamp>
   2016-03-09T14:34:38
  </ClosingTimestamp>
 </ExportList>
 <ExportList>
  <FormName>
   otherForm_87
  </FormName>
  <UserID>
   USER179
  </UserID>
  <OpeningTimestamp>
   2016-03-09T14:34:20
  </OpeningTimestamp>
  <ClosingTimestamp>
   2016-03-09T14:34:26
  </ClosingTimestamp>
 </ExportList>
 <ExportList>
  <FormName>
   otherForm_87
  </FormName>
  <UserID>
   USER179
  </UserID>
  <OpeningTimestamp>
   2016-03-09T14:33:40
  </OpeningTimestamp>
  <ClosingTimestamp>
   2016-03-09T14:33:44
  </ClosingTimestamp>
 </ExportList>
 <ExportList>
  <FormName>
   otherForm_87
  </FormName>
  <UserID>
   USER179
  </UserID>
  <OpeningTimestamp>
   2016-03-09T14:33:31
  </OpeningTimestamp>
  <ClosingTimestamp>
   2016-03-09T14:33:36
  </ClosingTimestamp>
 </ExportList>
 <ExportList>
  <FormName>
   otherForm_88
  </FormName>
  <UserID>
   USER179
  </UserID>
  <OpeningTimestamp>
   2016-03-09T14:33:27
  </OpeningTimestamp>
  <ClosingTimestamp>
   2016-03-09T14:35:29
  </ClosingTimestamp>
 </ExportList>
 <ExportList>
  <FormName>
   otherForm_305
  </FormName>
  <UserID>
   USER179
  </UserID>
  <OpeningTimestamp>
   2016-03-09T14:32:57
  </OpeningTimestamp>
  <ClosingTimestamp>
   2016-03-09T14:33:21
  </ClosingTimestamp>
 </ExportList>
 <ExportList>
  <FormName>
   otherForm_396
  </FormName>
  <UserID>
   USER179
  </UserID>
  <OpeningTimestamp>
   2016-03-09T14:31:50
  </OpeningTimestamp>
  <ClosingTimestamp>
   2016-03-09T14:32:54
  </ClosingTimestamp>
 </ExportList>
 <ExportList>
  <FormName>
   otherForm_306
  </FormName>
  <UserID>
   USER179
  </UserID>
  <OpeningTimestamp>
   2016-03-09T14:31:48
  </OpeningTimestamp>
  <ClosingTimestamp>
   2016-03-09T14:33:24
  </ClosingTimestamp>
 </ExportList>
 <ExportList>
  <FormName>
   otherForm_87
  </FormName>
  <UserID>
   USER179
  </UserID>
  <OpeningTimestamp>
   2016-03-09T14:31:41
  </OpeningTimestamp>
  <ClosingTimestamp>
   2016-03-09T14:31:45
  </ClosingTimestamp>
 </ExportList>
 <ExportList>
  <FormName>
   otherForm_87
  </FormName>
  <UserID>
   USER179
  </UserID>
  <OpeningTimestamp>
   2016-03-09T14:31:33
  </OpeningTimestamp>
  <ClosingTimestamp>
   2016-03-09T14:31:39
  </ClosingTimestamp>
 </ExportList>
 <ExportList>
  <FormName>
   otherForm_87
  </FormName>
  <UserID>
   USER179
  </UserID>
  <OpeningTimestamp>
   2016-03-09T14:31:21
  </OpeningTimestamp>
  <ClosingTimestamp>
   2016-03-09T14:31:28
  </ClosingTimestamp>
 </ExportList>
 <ExportList>
  <FormName>
   otherForm_87
  </FormName>
  <UserID>
   USER179
  </UserID>
  <OpeningTimestamp>
   2016-03-09T14:31:09
  </OpeningTimestamp>
  <ClosingTimestamp>
   2016-03-09T14:31:13
  </ClosingTimestamp>
 </ExportList>
 <ExportList>
  <FormName>
   otherForm_87
  </FormName>
  <UserID>
   USER179
  </UserID>
  <OpeningTimestamp>
   2016-03-09T14:30:16
  </OpeningTimestamp>
  <ClosingTimestamp>
   2016-03-09T14:30:20
  </ClosingTimestamp>
 </ExportList>
 <ExportList>
  <FormName>
   otherForm_88
  </FormName>
  <UserID>
   USER179
  </UserID>
  <OpeningTimestamp>
   2016-03-09T14:30:09
  </OpeningTimestamp>
  <ClosingTimestamp>
   2016-03-09T14:31:45
  </ClosingTimestamp>
 </ExportList>
 <ExportList>
  <FormName>
   otherForm_396
  </FormName>
  <UserID>
   USER179
  </UserID>
  <OpeningTimestamp>
   2016-03-09T14:28:11
  </OpeningTimestamp>
  <ClosingTimestamp>
   2016-03-09T14:30:06
  </ClosingTimestamp>
 </ExportList>
 <ExportList>
  <FormName>
   otherForm_306
  </FormName>
  <UserID>
   USER179
  </UserID>
  <OpeningTimestamp>
   2016-03-09T14:28:09
  </OpeningTimestamp>
  <ClosingTimestamp>
   2016-03-09T14:30:07
  </ClosingTimestamp>
 </ExportList>
 <ExportList>
  <FormName>
   otherForm_87
  </FormName>
  <UserID>
   USER179
  </UserID>
  <OpeningTimestamp>
   2016-03-09T14:28:01
  </OpeningTimestamp>
  <ClosingTimestamp>
   2016-03-09T14:28:05
  </ClosingTimestamp>
 </ExportList>
 <ExportList>
  <FormName>
   otherForm_87
  </FormName>
  <UserID>
   USER179
  </UserID>
  <OpeningTimestamp>
   2016-03-09T14:27:46
  </OpeningTimestamp>
  <ClosingTimestamp>
   2016-03-09T14:27:51
  </ClosingTimestamp>
 </ExportList>
 <ExportList>
  <FormName>
   otherForm_87
  </FormName>
  <UserID>
   USER179
  </UserID>
  <OpeningTimestamp>
   2016-03-09T14:26:14
  </OpeningTimestamp>
  <ClosingTimestamp>
   2016-03-09T14:26:19
  </ClosingTimestamp>
 </ExportList>
 <ExportList>
  <FormName>
   otherForm_87
  </FormName>
  <UserID>
   USER179
  </UserID>
  <OpeningTimestamp>
   2016-03-09T14:25:08
  </OpeningTimestamp>
  <ClosingTimestamp>
   2016-03-09T14:25:22
  </ClosingTimestamp>
 </ExportList>
 <ExportList>
  <FormName>
   otherForm_87
  </FormName>
  <UserID>
   USER179
  </UserID>
  <OpeningTimestamp>
   2016-03-09T14:24:27
  </OpeningTimestamp>
  <ClosingTimestamp>
   2016-03-09T14:24:33
  </ClosingTimestamp>
 </ExportList>
 <ExportList>
  <FormName>
   otherForm_87
  </FormName>
  <UserID>
   USER179
  </UserID>
  <OpeningTimestamp>
   2016-03-09T14:23:56
  </OpeningTimestamp>
  <ClosingTimestamp>
   2016-03-09T14:24:24
  </ClosingTimestamp>
 </ExportList>
 <ExportList>
  <FormName>
   otherForm_88
  </FormName>
  <UserID>
   USER179
  </UserID>
  <OpeningTimestamp>
   2016-03-09T14:23:35
  </OpeningTimestamp>
  <ClosingTimestamp>
   2016-03-09T14:28:06
  </ClosingTimestamp>
 </ExportList>
 <ExportList>
  <FormName>
   otherForm_305
  </FormName>
  <UserID>
   USER179
  </UserID>
  <OpeningTimestamp>
   2016-03-09T14:23:22
  </OpeningTimestamp>
  <ClosingTimestamp>
   2016-03-09T14:23:32
  </ClosingTimestamp>
 </ExportList>
 <ExportList>
  <FormName>
   otherForm_396
  </FormName>
  <UserID>
   USER179
  </UserID>
  <OpeningTimestamp>
   2016-03-09T14:22:23
  </OpeningTimestamp>
  <ClosingTimestamp>
   2016-03-09T14:23:19
  </ClosingTimestamp>
 </ExportList>
 <ExportList>
  <FormName>
   otherForm_306
  </FormName>
  <UserID>
   USER179
  </UserID>
  <OpeningTimestamp>
   2016-03-09T14:22:20
  </OpeningTimestamp>
  <ClosingTimestamp>
   2016-03-09T14:23:34
  </ClosingTimestamp>
 </ExportList>
 <ExportList>
  <FormName>
   otherForm_87
  </FormName>
  <UserID>
   USER179
  </UserID>
  <OpeningTimestamp>
   2016-03-09T14:22:09
  </OpeningTimestamp>
  <ClosingTimestamp>
   2016-03-09T14:22:15
  </ClosingTimestamp>
 </ExportList>
 <ExportList>
  <FormName>
   otherForm_87
  </FormName>
  <UserID>
   USER179
  </UserID>
  <OpeningTimestamp>
   2016-03-09T14:22:02
  </OpeningTimestamp>
  <ClosingTimestamp>
   2016-03-09T14:22:07
  </ClosingTimestamp>
 </ExportList>
 <ExportList>
  <FormName>
   otherForm_87
  </FormName>
  <UserID>
   USER179
  </UserID>
  <OpeningTimestamp>
   2016-03-09T14:21:28
  </OpeningTimestamp>
  <ClosingTimestamp>
   2016-03-09T14:21:32
  </ClosingTimestamp>
 </ExportList>
 <ExportList>
  <FormName>
   otherForm_87
  </FormName>
  <UserID>
   USER179
  </UserID>
  <OpeningTimestamp>
   2016-03-09T14:21:12
  </OpeningTimestamp>
  <ClosingTimestamp>
   2016-03-09T14:21:17
  </ClosingTimestamp>
 </ExportList>
 <ExportList>
  <FormName>
   otherForm_88
  </FormName>
  <UserID>
   USER179
  </UserID>
  <OpeningTimestamp>
   2016-03-09T14:21:00
  </OpeningTimestamp>
  <ClosingTimestamp>
   2016-03-09T14:22:18
  </ClosingTimestamp>
 </ExportList>
 <ExportList>
  <FormName>
   otherForm_396
  </FormName>
  <UserID>
   USER179
  </UserID>
  <OpeningTimestamp>
   2016-03-09T14:18:53
  </OpeningTimestamp>
  <ClosingTimestamp>
   2016-03-09T14:20:58
  </ClosingTimestamp>
 </ExportList>
 <ExportList>
  <FormName>
   otherForm_306
  </FormName>
  <UserID>
   USER179
  </UserID>
  <OpeningTimestamp>
   2016-03-09T14:18:49
  </OpeningTimestamp>
  <ClosingTimestamp>
   2016-03-09T14:20:59
  </ClosingTimestamp>
 </ExportList>
 <ExportList>
  <FormName>
   otherForm_87
  </FormName>
  <UserID>
   USER179
  </UserID>
  <OpeningTimestamp>
   2016-03-09T14:18:41
  </OpeningTimestamp>
  <ClosingTimestamp>
   2016-03-09T14:18:46
  </ClosingTimestamp>
 </ExportList>
 <ExportList>
  <FormName>
   otherForm_87
  </FormName>
  <UserID>
   USER179
  </UserID>
  <OpeningTimestamp>
   2016-03-09T14:18:28
  </OpeningTimestamp>
  <ClosingTimestamp>
   2016-03-09T14:18:32
  </ClosingTimestamp>
 </ExportList>
 <ExportList>
  <FormName>
   otherForm_87
  </FormName>
  <UserID>
   USER179
  </UserID>
  <OpeningTimestamp>
   2016-03-09T14:18:22
  </OpeningTimestamp>
  <ClosingTimestamp>
   2016-03-09T14:18:26
  </ClosingTimestamp>
 </ExportList>
 <ExportList>
  <FormName>
   otherForm_87
  </FormName>
  <UserID>
   USER179
  </UserID>
  <OpeningTimestamp>
   2016-03-09T14:18:08
  </OpeningTimestamp>
  <ClosingTimestamp>
   2016-03-09T14:18:13
  </ClosingTimestamp>
 </ExportList>
 <ExportList>
  <FormName>
   otherForm_87
  </FormName>
  <UserID>
   USER179
  </UserID>
  <OpeningTimestamp>
   2016-03-09T14:17:55
  </OpeningTimestamp>
  <ClosingTimestamp>
   2016-03-09T14:17:59
  </ClosingTimestamp>
 </ExportList>
 <ExportList>
  <FormName>
   otherForm_87
  </FormName>
  <UserID>
   USER179
  </UserID>
  <OpeningTimestamp>
   2016-03-09T14:17:30
  </OpeningTimestamp>
  <ClosingTimestamp>
   2016-03-09T14:17:34
  </ClosingTimestamp>
 </ExportList>
 <ExportList>
  <FormName>
   otherForm_87
  </FormName>
  <UserID>
   USER179
  </UserID>
  <OpeningTimestamp>
   2016-03-09T14:16:53
  </OpeningTimestamp>
  <ClosingTimestamp>
   2016-03-09T14:16:57
  </ClosingTimestamp>
 </ExportList>
 <ExportList>
  <FormName>
   otherForm_87
  </FormName>
  <UserID>
   USER179
  </UserID>
  <OpeningTimestamp>
   2016-03-09T14:16:12
  </OpeningTimestamp>
  <ClosingTimestamp>
   2016-03-09T14:16:17
  </ClosingTimestamp>
 </ExportList>
 <ExportList>
  <FormName>
   otherForm_88
  </FormName>
  <UserID>
   USER179
  </UserID>
  <OpeningTimestamp>
   2016-03-09T14:16:04
  </OpeningTimestamp>
  <ClosingTimestamp>
   2016-03-09T14:18:46
  </ClosingTimestamp>
 </ExportList>
 <ExportList>
  <FormName>
   otherForm_396
  </FormName>
  <UserID>
   USER179
  </UserID>
  <OpeningTimestamp>
   2016-03-09T14:15:20
  </OpeningTimestamp>
  <ClosingTimestamp>
   2016-03-09T14:16:02
  </ClosingTimestamp>
 </ExportList>
 <ExportList>
  <FormName>
   otherForm_306
  </FormName>
  <UserID>
   USER179
  </UserID>
  <OpeningTimestamp>
   2016-03-09T14:15:16
  </OpeningTimestamp>
  <ClosingTimestamp>
   2016-03-09T14:16:03
  </ClosingTimestamp>
 </ExportList>
 <ExportList>
  <FormName>
   otherForm_87
  </FormName>
  <UserID>
   USER179
  </UserID>
  <OpeningTimestamp>
   2016-03-09T14:15:08
  </OpeningTimestamp>
  <ClosingTimestamp>
   2016-03-09T14:15:13
  </ClosingTimestamp>
 </ExportList>
 <ExportList>
  <FormName>
   otherForm_87
  </FormName>
  <UserID>
   USER179
  </UserID>
  <OpeningTimestamp>
   2016-03-09T14:14:23
  </OpeningTimestamp>
  <ClosingTimestamp>
   2016-03-09T14:14:59
  </ClosingTimestamp>
 </ExportList>
 <ExportList>
  <FormName>
   otherForm_87
  </FormName>
  <UserID>
   USER179
  </UserID>
  <OpeningTimestamp>
   2016-03-09T14:14:12
  </OpeningTimestamp>
  <ClosingTimestamp>
   2016-03-09T14:14:17
  </ClosingTimestamp>
 </ExportList>
 <ExportList>
  <FormName>
   otherForm_87
  </FormName>
  <UserID>
   USER179
  </UserID>
  <OpeningTimestamp>
   2016-03-09T14:14:03
  </OpeningTimestamp>
  <ClosingTimestamp>
   2016-03-09T14:14:07
  </ClosingTimestamp>
 </ExportList>
 <ExportList>
  <FormName>
   otherForm_88
  </FormName>
  <UserID>
   USER179
  </UserID>
  <OpeningTimestamp>
   2016-03-09T14:13:56
  </OpeningTimestamp>
  <ClosingTimestamp>
   2016-03-09T14:15:13
  </ClosingTimestamp>
 </ExportList>
 <ExportList>
  <FormName>
   otherForm_305
  </FormName>
  <UserID>
   USER179
  </UserID>
  <OpeningTimestamp>
   2016-03-09T14:13:39
  </OpeningTimestamp>
  <ClosingTimestamp>
   2016-03-09T14:13:52
  </ClosingTimestamp>
 </ExportList>
 <ExportList>
  <FormName>
   otherForm_633
  </FormName>
  <UserID>
   USER179
  </UserID>
  <OpeningTimestamp>
   2016-03-09T14:13:34
  </OpeningTimestamp>
  <ClosingTimestamp>
   2016-03-09T14:13:37
  </ClosingTimestamp>
 </ExportList>
 <ExportList>
  <FormName>
   otherForm_396
  </FormName>
  <UserID>
   USER179
  </UserID>
  <OpeningTimestamp>
   2016-03-09T14:13:04
  </OpeningTimestamp>
  <ClosingTimestamp>
   2016-03-09T14:13:31
  </ClosingTimestamp>
 </ExportList>
 <ExportList>
  <FormName>
   otherForm_306
  </FormName>
  <UserID>
   USER179
  </UserID>
  <OpeningTimestamp>
   2016-03-09T14:13:01
  </OpeningTimestamp>
  <ClosingTimestamp>
   2016-03-09T14:13:53
  </ClosingTimestamp>
 </ExportList>
 <ExportList>
  <FormName>
   otherForm_87
  </FormName>
  <UserID>
   USER179
  </UserID>
  <OpeningTimestamp>
   2016-03-09T14:12:12
  </OpeningTimestamp>
  <ClosingTimestamp>
   2016-03-09T14:12:58
  </ClosingTimestamp>
 </ExportList>
 <ExportList>
  <FormName>
   otherForm_88
  </FormName>
  <UserID>
   USER179
  </UserID>
  <OpeningTimestamp>
   2016-03-09T14:12:07
  </OpeningTimestamp>
  <ClosingTimestamp>
   2016-03-09T14:12:59
  </ClosingTimestamp>
 </ExportList>
 <ExportList>
  <FormName>
   otherForm_396
  </FormName>
  <UserID>
   USER179
  </UserID>
  <OpeningTimestamp>
   2016-03-09T14:11:32
  </OpeningTimestamp>
  <ClosingTimestamp>
   2016-03-09T14:12:02
  </ClosingTimestamp>
 </ExportList>
 <ExportList>
  <FormName>
   otherForm_397
  </FormName>
  <UserID>
   USER179
  </UserID>
  <OpeningTimestamp>
   2016-03-09T14:11:27
  </OpeningTimestamp>
  <ClosingTimestamp>
   2016-03-09T14:11:28
  </ClosingTimestamp>
 </ExportList>
 <ExportList>
  <FormName>
   otherForm_605
  </FormName>
  <UserID>
   USER179
  </UserID>
  <OpeningTimestamp>
   2016-03-09T14:11:10
  </OpeningTimestamp>
  <ClosingTimestamp>
   2016-03-09T14:11:22
  </ClosingTimestamp>
 </ExportList>
 <ExportList>
  <FormName>
   otherForm_397
  </FormName>
  <UserID>
   USER179
  </UserID>
  <OpeningTimestamp>
   2016-03-09T14:11:01
  </OpeningTimestamp>
  <ClosingTimestamp>
   2016-03-09T14:11:08
  </ClosingTimestamp>
 </ExportList>
 <ExportList>
  <FormName>
   otherForm_375
  </FormName>
  <UserID>
   USER179
  </UserID>
  <OpeningTimestamp>
   2016-03-09T14:10:55
  </OpeningTimestamp>
  <ClosingTimestamp>
   2016-03-09T14:11:29
  </ClosingTimestamp>
 </ExportList>
 <ExportList>
  <FormName>
   otherForm_306
  </FormName>
  <UserID>
   USER179
  </UserID>
  <OpeningTimestamp>
   2016-03-09T14:10:53
  </OpeningTimestamp>
  <ClosingTimestamp>
   2016-03-09T14:12:06
  </ClosingTimestamp>
 </ExportList>
 <ExportList>
  <FormName>
   otherForm_87
  </FormName>
  <UserID>
   USER179
  </UserID>
  <OpeningTimestamp>
   2016-03-09T14:10:42
  </OpeningTimestamp>
  <ClosingTimestamp>
   2016-03-09T14:10:48
  </ClosingTimestamp>
 </ExportList>
 <ExportList>
  <FormName>
   otherForm_88
  </FormName>
  <UserID>
   USER179
  </UserID>
  <OpeningTimestamp>
   2016-03-09T14:10:34
  </OpeningTimestamp>
  <ClosingTimestamp>
   2016-03-09T14:10:49
  </ClosingTimestamp>
 </ExportList>
 <ExportList>
  <FormName>
   otherForm_396
  </FormName>
  <UserID>
   USER179
  </UserID>
  <OpeningTimestamp>
   2016-03-09T14:10:26
  </OpeningTimestamp>
  <ClosingTimestamp>
   2016-03-09T14:10:32
  </ClosingTimestamp>
 </ExportList>
 <ExportList>
  <FormName>
   otherForm_305
  </FormName>
  <UserID>
   USER179
  </UserID>
  <OpeningTimestamp>
   2016-03-09T14:10:17
  </OpeningTimestamp>
  <ClosingTimestamp>
   2016-03-09T14:10:23
  </ClosingTimestamp>
 </ExportList>
 <ExportList>
  <FormName>
   otherForm_396
  </FormName>
  <UserID>
   USER179
  </UserID>
  <OpeningTimestamp>
   2016-03-09T14:09:52
  </OpeningTimestamp>
  <ClosingTimestamp>
   2016-03-09T14:10:14
  </ClosingTimestamp>
 </ExportList>
 <ExportList>
  <FormName>
   otherForm_306
  </FormName>
  <UserID>
   USER179
  </UserID>
  <OpeningTimestamp>
   2016-03-09T14:09:48
  </OpeningTimestamp>
  <ClosingTimestamp>
   2016-03-09T14:10:33
  </ClosingTimestamp>
 </ExportList>
 <ExportList>
  <FormName>
   otherForm_87
  </FormName>
  <UserID>
   USER179
  </UserID>
  <OpeningTimestamp>
   2016-03-09T14:09:37
  </OpeningTimestamp>
  <ClosingTimestamp>
   2016-03-09T14:09:44
  </ClosingTimestamp>
 </ExportList>
 <ExportList>
  <FormName>
   otherForm_87
  </FormName>
  <UserID>
   USER179
  </UserID>
  <OpeningTimestamp>
   2016-03-09T14:09:13
  </OpeningTimestamp>
  <ClosingTimestamp>
   2016-03-09T14:09:23
  </ClosingTimestamp>
 </ExportList>
 <ExportList>
  <FormName>
   otherForm_87
  </FormName>
  <UserID>
   USER179
  </UserID>
  <OpeningTimestamp>
   2016-03-09T14:08:41
  </OpeningTimestamp>
  <ClosingTimestamp>
   2016-03-09T14:08:48
  </ClosingTimestamp>
 </ExportList>
 <ExportList>
  <FormName>
   otherForm_87
  </FormName>
  <UserID>
   USER179
  </UserID>
  <OpeningTimestamp>
   2016-03-09T14:08:26
  </OpeningTimestamp>
  <ClosingTimestamp>
   2016-03-09T14:08:33
  </ClosingTimestamp>
 </ExportList>
 <ExportList>
  <FormName>
   otherForm_87
  </FormName>
  <UserID>
   USER179
  </UserID>
  <OpeningTimestamp>
   2016-03-09T14:07:50
  </OpeningTimestamp>
  <ClosingTimestamp>
   2016-03-09T14:08:03
  </ClosingTimestamp>
 </ExportList>
 <ExportList>
  <FormName>
   otherForm_326
  </FormName>
  <UserID>
   USER179
  </UserID>
  <OpeningTimestamp>
   2016-03-09T14:07:27
  </OpeningTimestamp>
  <ClosingTimestamp>
   2016-03-09T14:07:28
  </ClosingTimestamp>
 </ExportList>
 <ExportList>
  <FormName>
   otherForm_87
  </FormName>
  <UserID>
   USER179
  </UserID>
  <OpeningTimestamp>
   2016-03-09T14:07:26
  </OpeningTimestamp>
  <ClosingTimestamp>
   2016-03-09T14:07:35
  </ClosingTimestamp>
 </ExportList>
 <ExportList>
  <FormName>
   otherForm_87
  </FormName>
  <UserID>
   USER179
  </UserID>
  <OpeningTimestamp>
   2016-03-09T14:05:35
  </OpeningTimestamp>
  <ClosingTimestamp>
   2016-03-09T14:06:07
  </ClosingTimestamp>
 </ExportList>
 <ExportList>
  <FormName>
   otherForm_87
  </FormName>
  <UserID>
   USER179
  </UserID>
  <OpeningTimestamp>
   2016-03-09T14:04:44
  </OpeningTimestamp>
  <ClosingTimestamp>
   2016-03-09T14:05:21
  </ClosingTimestamp>
 </ExportList>
 <ExportList>
  <FormName>
   otherForm_87
  </FormName>
  <UserID>
   USER179
  </UserID>
  <OpeningTimestamp>
   2016-03-09T14:04:06
  </OpeningTimestamp>
  <ClosingTimestamp>
   2016-03-09T14:04:14
  </ClosingTimestamp>
 </ExportList>
 <ExportList>
  <FormName>
   otherForm_88
  </FormName>
  <UserID>
   USER179
  </UserID>
  <OpeningTimestamp>
   2016-03-09T14:03:36
  </OpeningTimestamp>
  <ClosingTimestamp>
   2016-03-09T14:09:45
  </ClosingTimestamp>
 </ExportList>
 <ExportList>
  <FormName>
   LEVEL2_FORM_11
  </FormName>
  <UserID>
   USER179
  </UserID>
  <OpeningTimestamp>
   2016-03-09T14:03:34
  </OpeningTimestamp>
  <ClosingTimestamp>
   2016-03-09T14:55:02
  </ClosingTimestamp>
 </ExportList>
 <ExportList>
  <FormName>
   otherForm_87
  </FormName>
  <UserID>
   USER179
  </UserID>
  <OpeningTimestamp>
   2016-03-09T12:18:58
  </OpeningTimestamp>
  <ClosingTimestamp>
   2016-03-09T12:19:07
  </ClosingTimestamp>
 </ExportList>
 <ExportList>
  <FormName>
   otherForm_87
  </FormName>
  <UserID>
   USER179
  </UserID>
  <OpeningTimestamp>
   2016-03-09T12:18:36
  </OpeningTimestamp>
  <ClosingTimestamp>
   2016-03-09T12:18:46
  </ClosingTimestamp>
 </ExportList>
 <ExportList>
  <FormName>
   otherForm_88
  </FormName>
  <UserID>
   USER179
  </UserID>
  <OpeningTimestamp>
   2016-03-09T12:18:32
  </OpeningTimestamp>
  <ClosingTimestamp>
   2016-03-09T12:19:43
  </ClosingTimestamp>
 </ExportList>
 <ExportList>
  <FormName>
   otherForm_87
  </FormName>
  <UserID>
   USER179
  </UserID>
  <OpeningTimestamp>
   2016-03-09T12:18:02
  </OpeningTimestamp>
  <ClosingTimestamp>
   2016-03-09T12:18:11
  </ClosingTimestamp>
 </ExportList>
 <ExportList>
  <FormName>
   otherForm_87
  </FormName>
  <UserID>
   USER179
  </UserID>
  <OpeningTimestamp>
   2016-03-09T12:17:30
  </OpeningTimestamp>
  <ClosingTimestamp>
   2016-03-09T12:17:39
  </ClosingTimestamp>
 </ExportList>
 <ExportList>
  <FormName>
   otherForm_87
  </FormName>
  <UserID>
   USER179
  </UserID>
  <OpeningTimestamp>
   2016-03-09T12:16:50
  </OpeningTimestamp>
  <ClosingTimestamp>
   2016-03-09T12:17:22
  </ClosingTimestamp>
 </ExportList>
 <ExportList>
  <FormName>
   otherForm_87
  </FormName>
  <UserID>
   USER179
  </UserID>
  <OpeningTimestamp>
   2016-03-09T12:16:36
  </OpeningTimestamp>
  <ClosingTimestamp>
   2016-03-09T12:16:44
  </ClosingTimestamp>
 </ExportList>
 <ExportList>
  <FormName>
   otherForm_87
  </FormName>
  <UserID>
   USER179
  </UserID>
  <OpeningTimestamp>
   2016-03-09T12:16:04
  </OpeningTimestamp>
  <ClosingTimestamp>
   2016-03-09T12:16:18
  </ClosingTimestamp>
 </ExportList>
 <ExportList>
  <FormName>
   otherForm_87
  </FormName>
  <UserID>
   USER179
  </UserID>
  <OpeningTimestamp>
   2016-03-09T12:15:42
  </OpeningTimestamp>
  <ClosingTimestamp>
   2016-03-09T12:15:51
  </ClosingTimestamp>
 </ExportList>
 <ExportList>
  <FormName>
   otherForm_87
  </FormName>
  <UserID>
   USER179
  </UserID>
  <OpeningTimestamp>
   2016-03-09T12:15:08
  </OpeningTimestamp>
  <ClosingTimestamp>
   2016-03-09T12:15:33
  </ClosingTimestamp>
 </ExportList>
 <ExportList>
  <FormName>
   otherForm_88
  </FormName>
  <UserID>
   USER179
  </UserID>
  <OpeningTimestamp>
   2016-03-09T12:15:00
  </OpeningTimestamp>
  <ClosingTimestamp>
   2016-03-09T12:18:26
  </ClosingTimestamp>
 </ExportList>
 <ExportList>
  <FormName>
   otherForm_396
  </FormName>
  <UserID>
   USER179
  </UserID>
  <OpeningTimestamp>
   2016-03-09T12:14:13
  </OpeningTimestamp>
  <ClosingTimestamp>
   2016-03-09T12:14:56
  </ClosingTimestamp>
 </ExportList>
 <ExportList>
  <FormName>
   otherForm_305
  </FormName>
  <UserID>
   USER179
  </UserID>
  <OpeningTimestamp>
   2016-03-09T12:08:20
  </OpeningTimestamp>
  <ClosingTimestamp>
   2016-03-09T12:14:10
  </ClosingTimestamp>
 </ExportList>
 <ExportList>
  <FormName>
   otherForm_605
  </FormName>
  <UserID>
   USER179
  </UserID>
  <OpeningTimestamp>
   2016-03-09T12:07:56
  </OpeningTimestamp>
  <ClosingTimestamp>
   2016-03-09T12:08:16
  </ClosingTimestamp>
 </ExportList>
 <ExportList>
  <FormName>
   otherForm_397
  </FormName>
  <UserID>
   USER179
  </UserID>
  <OpeningTimestamp>
   2016-03-09T12:07:53
  </OpeningTimestamp>
  <ClosingTimestamp>
   2016-03-09T12:07:55
  </ClosingTimestamp>
 </ExportList>
 <ExportList>
  <FormName>
   otherForm_397
  </FormName>
  <UserID>
   USER179
  </UserID>
  <OpeningTimestamp>
   2016-03-09T12:07:40
  </OpeningTimestamp>
  <ClosingTimestamp>
   2016-03-09T12:07:45
  </ClosingTimestamp>
 </ExportList>
 <ExportList>
  <FormName>
   otherForm_375
  </FormName>
  <UserID>
   USER179
  </UserID>
  <OpeningTimestamp>
   2016-03-09T12:07:32
  </OpeningTimestamp>
  <ClosingTimestamp>
   2016-03-09T12:08:17
  </ClosingTimestamp>
 </ExportList>
 <ExportList>
  <FormName>
   otherForm_306
  </FormName>
  <UserID>
   USER179
  </UserID>
  <OpeningTimestamp>
   2016-03-09T12:07:29
  </OpeningTimestamp>
  <ClosingTimestamp>
   2016-03-09T12:14:58
  </ClosingTimestamp>
 </ExportList>
 <ExportList>
  <FormName>
   otherForm_287
  </FormName>
  <UserID>
   USER179
  </UserID>
  <OpeningTimestamp>
   2016-03-09T12:06:56
  </OpeningTimestamp>
  <ClosingTimestamp>
   2016-03-09T12:07:23
  </ClosingTimestamp>
 </ExportList>
 <ExportList>
  <FormName>
   LEVEL2_FORM_11
  </FormName>
  <UserID>
   USER179
  </UserID>
  <OpeningTimestamp>
   2016-03-09T12:06:52
  </OpeningTimestamp>
  <ClosingTimestamp>
   2016-03-09T12:19:44
  </ClosingTimestamp>
 </ExportList>
 <ExportList>
  <FormName>
   otherForm_347
  </FormName>
  <UserID>
   USER179
  </UserID>
  <OpeningTimestamp>
   2016-03-09T12:06:45
  </OpeningTimestamp>
  <ClosingTimestamp>
   2016-03-09T12:06:48
  </ClosingTimestamp>
 </ExportList>
 <ExportList>
  <FormName>
   otherForm_347
  </FormName>
  <UserID>
   USER179
  </UserID>
  <OpeningTimestamp>
   2016-03-09T12:06:36
  </OpeningTimestamp>
  <ClosingTimestamp>
   2016-03-09T12:06:42
  </ClosingTimestamp>
 </ExportList>
 <ExportList>
  <FormName>
   otherForm_103
  </FormName>
  <UserID>
   USER179
  </UserID>
  <OpeningTimestamp>
   2016-03-09T12:06:33
  </OpeningTimestamp>
  <ClosingTimestamp>
   2016-03-09T12:06:50
  </ClosingTimestamp>
 </ExportList>
 <ExportList>
  <FormName>
   otherForm_8
  </FormName>
  <UserID>
   USER179
  </UserID>
  <OpeningTimestamp>
   2016-03-09T12:06:13
  </OpeningTimestamp>
  <ClosingTimestamp>
   2016-03-09T12:06:20
  </ClosingTimestamp>
 </ExportList>
 <ExportList>
  <FormName>
   otherForm_396
  </FormName>
  <UserID>
   USER179
  </UserID>
  <OpeningTimestamp>
   2016-03-09T12:05:41
  </OpeningTimestamp>
  <ClosingTimestamp>
   2016-03-09T12:06:04
  </ClosingTimestamp>
 </ExportList>
 <ExportList>
  <FormName>
   otherForm_305
  </FormName>
  <UserID>
   USER179
  </UserID>
  <OpeningTimestamp>
   2016-03-09T12:05:13
  </OpeningTimestamp>
  <ClosingTimestamp>
   2016-03-09T12:05:36
  </ClosingTimestamp>
 </ExportList>
 <ExportList>
  <FormName>
   otherForm_306
  </FormName>
  <UserID>
   USER179
  </UserID>
  <OpeningTimestamp>
   2016-03-09T12:05:08
  </OpeningTimestamp>
  <ClosingTimestamp>
   2016-03-09T12:06:06
  </ClosingTimestamp>
 </ExportList>
 <ExportList>
  <FormName>
   otherForm_88
  </FormName>
  <UserID>
   USER179
  </UserID>
  <OpeningTimestamp>
   2016-03-09T12:05:02
  </OpeningTimestamp>
  <ClosingTimestamp>
   2016-03-09T12:05:04
  </ClosingTimestamp>
 </ExportList>
 <ExportList>
  <FormName>
   otherForm_305
  </FormName>
  <UserID>
   USER179
  </UserID>
  <OpeningTimestamp>
   2016-03-09T12:02:22
  </OpeningTimestamp>
  <ClosingTimestamp>
   2016-03-09T12:04:24
  </ClosingTimestamp>
 </ExportList>
 <ExportList>
  <FormName>
   otherForm_305
  </FormName>
  <UserID>
   USER179
  </UserID>
  <OpeningTimestamp>
   2016-03-09T12:01:12
  </OpeningTimestamp>
  <ClosingTimestamp>
   2016-03-09T12:02:19
  </ClosingTimestamp>
 </ExportList>
 <ExportList>
  <FormName>
   otherForm_396
  </FormName>
  <UserID>
   USER179
  </UserID>
  <OpeningTimestamp>
   2016-03-09T11:42:59
  </OpeningTimestamp>
  <ClosingTimestamp>
   2016-03-09T12:01:09
  </ClosingTimestamp>
 </ExportList>
 <ExportList>
  <FormName>
   otherForm_306
  </FormName>
  <UserID>
   USER179
  </UserID>
  <OpeningTimestamp>
   2016-03-09T11:42:55
  </OpeningTimestamp>
  <ClosingTimestamp>
   2016-03-09T12:04:26
  </ClosingTimestamp>
 </ExportList>
 <ExportList>
  <FormName>
   otherForm_87
  </FormName>
  <UserID>
   USER179
  </UserID>
  <OpeningTimestamp>
   2016-03-09T11:42:20
  </OpeningTimestamp>
  <ClosingTimestamp>
   2016-03-09T11:42:28
  </ClosingTimestamp>
 </ExportList>
 <ExportList>
  <FormName>
   otherForm_88
  </FormName>
  <UserID>
   USER179
  </UserID>
  <OpeningTimestamp>
   2016-03-09T11:42:11
  </OpeningTimestamp>
  <ClosingTimestamp>
   2016-03-09T11:42:51
  </ClosingTimestamp>
 </ExportList>
 <ExportList>
  <FormName>
   otherForm_396
  </FormName>
  <UserID>
   USER179
  </UserID>
  <OpeningTimestamp>
   2016-03-09T11:41:50
  </OpeningTimestamp>
  <ClosingTimestamp>
   2016-03-09T11:42:08
  </ClosingTimestamp>
 </ExportList>
 <ExportList>
  <FormName>
   otherForm_305
  </FormName>
  <UserID>
   USER179
  </UserID>
  <OpeningTimestamp>
   2016-03-09T11:41:25
  </OpeningTimestamp>
  <ClosingTimestamp>
   2016-03-09T11:41:45
  </ClosingTimestamp>
 </ExportList>
 <ExportList>
  <FormName>
   otherForm_397
  </FormName>
  <UserID>
   USER179
  </UserID>
  <OpeningTimestamp>
   2016-03-09T11:41:18
  </OpeningTimestamp>
  <ClosingTimestamp>
   2016-03-09T11:41:22
  </ClosingTimestamp>
 </ExportList>
 <ExportList>
  <FormName>
   otherForm_397
  </FormName>
  <UserID>
   USER179
  </UserID>
  <OpeningTimestamp>
   2016-03-09T11:38:00
  </OpeningTimestamp>
  <ClosingTimestamp>
   2016-03-09T11:38:03
  </ClosingTimestamp>
 </ExportList>
 <ExportList>
  <FormName>
   otherForm_375
  </FormName>
  <UserID>
   USER179
  </UserID>
  <OpeningTimestamp>
   2016-03-09T11:37:53
  </OpeningTimestamp>
  <ClosingTimestamp>
   2016-03-09T11:41:23
  </ClosingTimestamp>
 </ExportList>
 <ExportList>
  <FormName>
   otherForm_375
  </FormName>
  <UserID>
   USER179
  </UserID>
  <OpeningTimestamp>
   2016-03-09T11:37:45
  </OpeningTimestamp>
  <ClosingTimestamp>
   2016-03-09T11:37:50
  </ClosingTimestamp>
 </ExportList>
 <ExportList>
  <FormName>
   otherForm_375
  </FormName>
  <UserID>
   USER179
  </UserID>
  <OpeningTimestamp>
   2016-03-09T11:37:34
  </OpeningTimestamp>
  <ClosingTimestamp>
   2016-03-09T11:37:43
  </ClosingTimestamp>
 </ExportList>
 <ExportList>
  <FormName>
   otherForm_306
  </FormName>
  <UserID>
   USER179
  </UserID>
  <OpeningTimestamp>
   2016-03-09T11:36:10
  </OpeningTimestamp>
  <ClosingTimestamp>
   2016-03-09T11:42:10
  </ClosingTimestamp>
 </ExportList>
 <ExportList>
  <FormName>
   LEVEL2_FORM_11
  </FormName>
  <UserID>
   USER179
  </UserID>
  <OpeningTimestamp>
   2016-03-09T11:36:07
  </OpeningTimestamp>
  <ClosingTimestamp>
   2016-03-09T12:06:28
  </ClosingTimestamp>
 </ExportList>
 <ExportList>
  <FormName>
   LEVEL1_HOME_FORM
  </FormName>
  <UserID>
   USER179
  </UserID>
  <OpeningTimestamp>
   2016-03-09T11:36:05
  </OpeningTimestamp>
  <ClosingTimestamp>
   2016-03-09T15:10:45
  </ClosingTimestamp>
 </ExportList>
 <ExportList>
  <FormName>
   otherForm_588
  </FormName>
  <UserID>
   USER179
  </UserID>
  <OpeningTimestamp>
   2016-03-09T11:35:35
  </OpeningTimestamp>
  <ClosingTimestamp>
   2016-03-09T11:35:43
  </ClosingTimestamp>
 </ExportList>
 <ExportList>
  <FormName>
   otherForm_306
  </FormName>
  <UserID>
   USER179
  </UserID>
  <OpeningTimestamp>
   2016-03-09T11:35:33
  </OpeningTimestamp>
  <ClosingTimestamp>
   2016-03-09T11:35:45
  </ClosingTimestamp>
 </ExportList>
 <ExportList>
  <FormName>
   LEVEL2_FORM_11
  </FormName>
  <UserID>
   USER179
  </UserID>
  <OpeningTimestamp>
   2016-03-09T11:35:28
  </OpeningTimestamp>
  <ClosingTimestamp>
   2016-03-09T11:35:46
  </ClosingTimestamp>
 </ExportList>
 <ExportList>
  <FormName>
   otherForm_273
  </FormName>
  <UserID>
   USER179
  </UserID>
  <OpeningTimestamp>
   2016-03-09T11:34:56
  </OpeningTimestamp>
  <ClosingTimestamp>
   2016-03-09T11:34:58
  </ClosingTimestamp>
 </ExportList>
 <ExportList>
  <FormName>
   otherForm_615
  </FormName>
  <UserID>
   USER179
  </UserID>
  <OpeningTimestamp>
   2016-03-09T11:34:54
  </OpeningTimestamp>
  <ClosingTimestamp>
   2016-03-09T11:35:07
  </ClosingTimestamp>
 </ExportList>
 <ExportList>
  <FormName>
   otherForm_616
  </FormName>
  <UserID>
   USER179
  </UserID>
  <OpeningTimestamp>
   2016-03-09T11:34:52
  </OpeningTimestamp>
  <ClosingTimestamp>
   2016-03-09T11:34:52
  </ClosingTimestamp>
 </ExportList>
 <ExportList>
  <FormName>
   otherForm_375
  </FormName>
  <UserID>
   USER179
  </UserID>
  <OpeningTimestamp>
   2016-03-09T11:34:47
  </OpeningTimestamp>
  <ClosingTimestamp>
   2016-03-09T11:35:09
  </ClosingTimestamp>
 </ExportList>
 <ExportList>
  <FormName>
   otherForm_306
  </FormName>
  <UserID>
   USER179
  </UserID>
  <OpeningTimestamp>
   2016-03-09T11:34:45
  </OpeningTimestamp>
  <ClosingTimestamp>
   2016-03-09T11:35:20
  </ClosingTimestamp>
 </ExportList>
 <ExportList>
  <FormName>
   LEVEL2_FORM_11
  </FormName>
  <UserID>
   USER179
  </UserID>
  <OpeningTimestamp>
   2016-03-09T11:34:39
  </OpeningTimestamp>
  <ClosingTimestamp>
   2016-03-09T11:35:21
  </ClosingTimestamp>
 </ExportList>
 <ExportList>
  <FormName>
   LEVEL1_HOME_FORM
  </FormName>
  <UserID>
   USER179
  </UserID>
  <OpeningTimestamp>
   2016-03-09T11:34:37
  </OpeningTimestamp>
  <ClosingTimestamp>
   2016-03-09T11:35:50
  </ClosingTimestamp>
 </ExportList>
</dataroot>