<?xml version="1.0" encoding="utf-8"?>
<dataroot generated="2016-08-29T14:42:05">
 <ExportList>
  <FormName>
   otherForm_0
  </FormName>
  <UserID>
   USER178
  </UserID>
  <OpeningTimestamp>
   2016-08-29T14:40:39
  </OpeningTimestamp>
 </ExportList>
 <ExportList>
  <FormName>
   LEVEL2_FORM_11
  </FormName>
  <UserID>
   USER178
  </UserID>
  <OpeningTimestamp>
   2016-08-29T14:40:37
  </OpeningTimestamp>
 </ExportList>
 <ExportList>
  <FormName>
   LEVEL2_FORM_11
  </FormName>
  <UserID>
   USER178
  </UserID>
  <OpeningTimestamp>
   2016-08-29T14:40:25
  </OpeningTimestamp>
  <ClosingTimestamp>
   2016-08-29T14:40:29
  </ClosingTimestamp>
 </ExportList>
 <ExportList>
  <FormName>
   LEVEL1_HOME_FORM
  </FormName>
  <UserID>
   USER178
  </UserID>
  <OpeningTimestamp>
   2016-08-29T14:40:19
  </OpeningTimestamp>
 </ExportList>
 <ExportList>
  <FormName>
   LEVEL1_HOME_FORM
  </FormName>
  <UserID>
   USER178
  </UserID>
  <OpeningTimestamp>
   2016-08-29T12:22:55
  </OpeningTimestamp>
  <ClosingTimestamp>
   2016-08-29T12:22:57
  </ClosingTimestamp>
 </ExportList>
 <ExportList>
  <FormName>
   otherForm_413
  </FormName>
  <UserID>
   USER178
  </UserID>
  <OpeningTimestamp>
   2016-08-29T12:11:13
  </OpeningTimestamp>
  <ClosingTimestamp>
   2016-08-29T12:11:16
  </ClosingTimestamp>
 </ExportList>
 <ExportList>
  <FormName>
   otherForm_403
  </FormName>
  <UserID>
   USER178
  </UserID>
  <OpeningTimestamp>
   2016-08-29T12:11:11
  </OpeningTimestamp>
  <ClosingTimestamp>
   2016-08-29T12:11:17
  </ClosingTimestamp>
 </ExportList>
 <ExportList>
  <FormName>
   otherForm_335
  </FormName>
  <UserID>
   USER178
  </UserID>
  <OpeningTimestamp>
   2016-08-29T12:11:06
  </OpeningTimestamp>
  <ClosingTimestamp>
   2016-08-29T12:11:18
  </ClosingTimestamp>
 </ExportList>
 <ExportList>
  <FormName>
   LEVEL2_FORM_4
  </FormName>
  <UserID>
   USER178
  </UserID>
  <OpeningTimestamp>
   2016-08-29T12:11:03
  </OpeningTimestamp>
  <ClosingTimestamp>
   2016-08-29T12:11:18
  </ClosingTimestamp>
 </ExportList>
 <ExportList>
  <FormName>
   otherForm_335
  </FormName>
  <UserID>
   USER178
  </UserID>
  <OpeningTimestamp>
   2016-08-29T12:10:44
  </OpeningTimestamp>
  <ClosingTimestamp>
   2016-08-29T12:10:53
  </ClosingTimestamp>
 </ExportList>
 <ExportList>
  <FormName>
   otherForm_414
  </FormName>
  <UserID>
   USER178
  </UserID>
  <OpeningTimestamp>
   2016-08-29T12:10:32
  </OpeningTimestamp>
  <ClosingTimestamp>
   2016-08-29T12:10:35
  </ClosingTimestamp>
 </ExportList>
 <ExportList>
  <FormName>
   otherForm_415
  </FormName>
  <UserID>
   USER178
  </UserID>
  <OpeningTimestamp>
   2016-08-29T12:10:29
  </OpeningTimestamp>
  <ClosingTimestamp>
   2016-08-29T12:10:35
  </ClosingTimestamp>
 </ExportList>
 <ExportList>
  <FormName>
   otherForm_404
  </FormName>
  <UserID>
   USER178
  </UserID>
  <OpeningTimestamp>
   2016-08-29T12:10:21
  </OpeningTimestamp>
  <ClosingTimestamp>
   2016-08-29T12:10:39
  </ClosingTimestamp>
 </ExportList>
 <ExportList>
  <FormName>
   otherForm_413
  </FormName>
  <UserID>
   USER178
  </UserID>
  <OpeningTimestamp>
   2016-08-29T12:10:10
  </OpeningTimestamp>
  <ClosingTimestamp>
   2016-08-29T12:10:14
  </ClosingTimestamp>
 </ExportList>
 <ExportList>
  <FormName>
   otherForm_402
  </FormName>
  <UserID>
   USER178
  </UserID>
  <OpeningTimestamp>
   2016-08-29T12:10:07
  </OpeningTimestamp>
  <ClosingTimestamp>
   2016-08-29T12:10:16
  </ClosingTimestamp>
 </ExportList>
 <ExportList>
  <FormName>
   otherForm_405
  </FormName>
  <UserID>
   USER178
  </UserID>
  <OpeningTimestamp>
   2016-08-29T12:09:18
  </OpeningTimestamp>
  <ClosingTimestamp>
   2016-08-29T12:10:18
  </ClosingTimestamp>
 </ExportList>
 <ExportList>
  <FormName>
   LEVEL2_FORM_4
  </FormName>
  <UserID>
   USER178
  </UserID>
  <OpeningTimestamp>
   2016-08-29T12:09:15
  </OpeningTimestamp>
  <ClosingTimestamp>
   2016-08-29T12:10:54
  </ClosingTimestamp>
 </ExportList>
 <ExportList>
  <FormName>
   LEVEL1_HOME_FORM
  </FormName>
  <UserID>
   USER178
  </UserID>
  <OpeningTimestamp>
   2016-08-29T12:09:06
  </OpeningTimestamp>
  <ClosingTimestamp>
   2016-08-29T12:11:18
  </ClosingTimestamp>
 </ExportList>
 <ExportList>
  <FormName>
   otherForm_405
  </FormName>
  <UserID>
   USER178
  </UserID>
  <OpeningTimestamp>
   2016-08-29T12:07:06
  </OpeningTimestamp>
  <ClosingTimestamp>
   2016-08-29T12:07:25
  </ClosingTimestamp>
 </ExportList>
 <ExportList>
  <FormName>
   otherForm_405
  </FormName>
  <UserID>
   USER178
  </UserID>
  <OpeningTimestamp>
   2016-08-29T12:06:24
  </OpeningTimestamp>
  <ClosingTimestamp>
   2016-08-29T12:07:03
  </ClosingTimestamp>
 </ExportList>
 <ExportList>
  <FormName>
   otherForm_405
  </FormName>
  <UserID>
   USER178
  </UserID>
  <OpeningTimestamp>
   2016-08-29T12:06:05
  </OpeningTimestamp>
  <ClosingTimestamp>
   2016-08-29T12:06:20
  </ClosingTimestamp>
 </ExportList>
 <ExportList>
  <FormName>
   otherForm_404
  </FormName>
  <UserID>
   USER178
  </UserID>
  <OpeningTimestamp>
   2016-08-29T12:05:53
  </OpeningTimestamp>
  <ClosingTimestamp>
   2016-08-29T12:06:03
  </ClosingTimestamp>
 </ExportList>
 <ExportList>
  <FormName>
   LEVEL2_FORM_4
  </FormName>
  <UserID>
   USER178
  </UserID>
  <OpeningTimestamp>
   2016-08-29T12:05:51
  </OpeningTimestamp>
  <ClosingTimestamp>
   2016-08-29T12:07:30
  </ClosingTimestamp>
 </ExportList>
 <ExportList>
  <FormName>
   otherForm_413
  </FormName>
  <UserID>
   USER178
  </UserID>
  <OpeningTimestamp>
   2016-08-29T12:05:35
  </OpeningTimestamp>
  <ClosingTimestamp>
   2016-08-29T12:05:38
  </ClosingTimestamp>
 </ExportList>
 <ExportList>
  <FormName>
   otherForm_403
  </FormName>
  <UserID>
   USER178
  </UserID>
  <OpeningTimestamp>
   2016-08-29T12:05:30
  </OpeningTimestamp>
  <ClosingTimestamp>
   2016-08-29T12:05:39
  </ClosingTimestamp>
 </ExportList>
 <ExportList>
  <FormName>
   otherForm_335
  </FormName>
  <UserID>
   USER178
  </UserID>
  <OpeningTimestamp>
   2016-08-29T12:05:18
  </OpeningTimestamp>
  <ClosingTimestamp>
   2016-08-29T12:05:41
  </ClosingTimestamp>
 </ExportList>
 <ExportList>
  <FormName>
   otherForm_405
  </FormName>
  <UserID>
   USER178
  </UserID>
  <OpeningTimestamp>
   2016-08-29T12:04:23
  </OpeningTimestamp>
  <ClosingTimestamp>
   2016-08-29T12:05:14
  </ClosingTimestamp>
 </ExportList>
 <ExportList>
  <FormName>
   otherForm_404
  </FormName>
  <UserID>
   USER178
  </UserID>
  <OpeningTimestamp>
   2016-08-29T12:04:15
  </OpeningTimestamp>
  <ClosingTimestamp>
   2016-08-29T12:04:21
  </ClosingTimestamp>
 </ExportList>
 <ExportList>
  <FormName>
   LEVEL2_FORM_4
  </FormName>
  <UserID>
   USER178
  </UserID>
  <OpeningTimestamp>
   2016-08-29T12:04:11
  </OpeningTimestamp>
  <ClosingTimestamp>
   2016-08-29T12:05:44
  </ClosingTimestamp>
 </ExportList>
 <ExportList>
  <FormName>
   LEVEL1_HOME_FORM
  </FormName>
  <UserID>
   USER178
  </UserID>
  <OpeningTimestamp>
   2016-08-29T12:03:58
  </OpeningTimestamp>
  <ClosingTimestamp>
   2016-08-29T12:07:30
  </ClosingTimestamp>
 </ExportList>
 <ExportList>
  <FormName>
   otherForm_490
  </FormName>
  <UserID>
   USER179
  </UserID>
  <OpeningTimestamp>
   2016-06-15T16:48:49
  </OpeningTimestamp>
  <ClosingTimestamp>
   2016-06-15T16:49:01
  </ClosingTimestamp>
 </ExportList>
 <ExportList>
  <FormName>
   otherForm_493
  </FormName>
  <UserID>
   USER179
  </UserID>
  <OpeningTimestamp>
   2016-06-15T16:47:36
  </OpeningTimestamp>
  <ClosingTimestamp>
   2016-06-15T16:49:01
  </ClosingTimestamp>
 </ExportList>
 <ExportList>
  <FormName>
   otherForm_290
  </FormName>
  <UserID>
   USER179
  </UserID>
  <OpeningTimestamp>
   2016-06-15T16:47:33
  </OpeningTimestamp>
  <ClosingTimestamp>
   2016-06-15T16:49:02
  </ClosingTimestamp>
 </ExportList>
 <ExportList>
  <FormName>
   otherForm_273
  </FormName>
  <UserID>
   USER179
  </UserID>
  <OpeningTimestamp>
   2016-06-15T16:46:49
  </OpeningTimestamp>
  <ClosingTimestamp>
   2016-06-15T16:47:00
  </ClosingTimestamp>
 </ExportList>
 <ExportList>
  <FormName>
   otherForm_274
  </FormName>
  <UserID>
   USER179
  </UserID>
  <OpeningTimestamp>
   2016-06-15T16:46:47
  </OpeningTimestamp>
  <ClosingTimestamp>
   2016-06-15T16:47:01
  </ClosingTimestamp>
 </ExportList>
 <ExportList>
  <FormName>
   otherForm_464
  </FormName>
  <UserID>
   USER179
  </UserID>
  <OpeningTimestamp>
   2016-06-15T16:46:27
  </OpeningTimestamp>
  <ClosingTimestamp>
   2016-06-15T16:46:33
  </ClosingTimestamp>
 </ExportList>
 <ExportList>
  <FormName>
   otherForm_289
  </FormName>
  <UserID>
   USER179
  </UserID>
  <OpeningTimestamp>
   2016-06-15T16:46:23
  </OpeningTimestamp>
  <ClosingTimestamp>
   2016-06-15T16:46:45
  </ClosingTimestamp>
 </ExportList>
 <ExportList>
  <FormName>
   otherForm_274
  </FormName>
  <UserID>
   USER179
  </UserID>
  <OpeningTimestamp>
   2016-06-15T16:46:20
  </OpeningTimestamp>
  <ClosingTimestamp>
   2016-06-15T16:46:22
  </ClosingTimestamp>
 </ExportList>
 <ExportList>
  <FormName>
   otherForm_464
  </FormName>
  <UserID>
   USER179
  </UserID>
  <OpeningTimestamp>
   2016-06-15T16:45:14
  </OpeningTimestamp>
  <ClosingTimestamp>
   2016-06-15T16:45:21
  </ClosingTimestamp>
 </ExportList>
 <ExportList>
  <FormName>
   otherForm_289
  </FormName>
  <UserID>
   USER179
  </UserID>
  <OpeningTimestamp>
   2016-06-15T16:45:11
  </OpeningTimestamp>
  <ClosingTimestamp>
   2016-06-15T16:45:23
  </ClosingTimestamp>
 </ExportList>
 <ExportList>
  <FormName>
   otherForm_72
  </FormName>
  <UserID>
   USER179
  </UserID>
  <OpeningTimestamp>
   2016-06-15T16:45:07
  </OpeningTimestamp>
  <ClosingTimestamp>
   2016-06-15T16:49:05
  </ClosingTimestamp>
 </ExportList>
 <ExportList>
  <FormName>
   LEVEL1_HOME_FORM
  </FormName>
  <UserID>
   USER179
  </UserID>
  <OpeningTimestamp>
   2016-06-15T16:44:54
  </OpeningTimestamp>
  <ClosingTimestamp>
   2016-06-15T16:49:07
  </ClosingTimestamp>
 </ExportList>
 <ExportList>
  <FormName>
   otherForm_535
  </FormName>
  <UserID>
   USER179
  </UserID>
  <OpeningTimestamp>
   2015-10-08T17:30:18
  </OpeningTimestamp>
  <ClosingTimestamp>
   2015-10-08T17:30:20
  </ClosingTimestamp>
 </ExportList>
 <ExportList>
  <FormName>
   otherForm_506
  </FormName>
  <UserID>
   USER179
  </UserID>
  <OpeningTimestamp>
   2015-10-08T17:30:15
  </OpeningTimestamp>
  <ClosingTimestamp>
   2015-10-08T17:30:20
  </ClosingTimestamp>
 </ExportList>
 <ExportList>
  <FormName>
   LEVEL2_FORM_4
  </FormName>
  <UserID>
   USER179
  </UserID>
  <OpeningTimestamp>
   2015-10-08T17:30:12
  </OpeningTimestamp>
  <ClosingTimestamp>
   2015-10-08T17:30:22
  </ClosingTimestamp>
 </ExportList>
 <ExportList>
  <FormName>
   LEVEL1_HOME_FORM
  </FormName>
  <UserID>
   USER179
  </UserID>
  <OpeningTimestamp>
   2015-10-08T17:30:09
  </OpeningTimestamp>
  <ClosingTimestamp>
   2015-10-08T17:30:22
  </ClosingTimestamp>
 </ExportList>
 <ExportList>
  <FormName>
   otherForm_535
  </FormName>
  <UserID>
   USER179
  </UserID>
  <OpeningTimestamp>
   2015-10-08T12:10:59
  </OpeningTimestamp>
  <ClosingTimestamp>
   2015-10-08T12:11:08
  </ClosingTimestamp>
 </ExportList>
 <ExportList>
  <FormName>
   otherForm_506
  </FormName>
  <UserID>
   USER179
  </UserID>
  <OpeningTimestamp>
   2015-10-08T12:10:57
  </OpeningTimestamp>
  <ClosingTimestamp>
   2015-10-08T12:11:09
  </ClosingTimestamp>
 </ExportList>
 <ExportList>
  <FormName>
   otherForm_506
  </FormName>
  <UserID>
   USER179
  </UserID>
  <OpeningTimestamp>
   2015-10-08T12:10:42
  </OpeningTimestamp>
  <ClosingTimestamp>
   2015-10-08T12:10:50
  </ClosingTimestamp>
 </ExportList>
 <ExportList>
  <FormName>
   LEVEL2_FORM_4
  </FormName>
  <UserID>
   USER179
  </UserID>
  <OpeningTimestamp>
   2015-10-08T12:10:38
  </OpeningTimestamp>
  <ClosingTimestamp>
   2015-10-08T12:11:11
  </ClosingTimestamp>
 </ExportList>
 <ExportList>
  <FormName>
   LEVEL1_HOME_FORM
  </FormName>
  <UserID>
   USER179
  </UserID>
  <OpeningTimestamp>
   2015-10-08T12:10:33
  </OpeningTimestamp>
  <ClosingTimestamp>
   2015-10-08T12:11:13
  </ClosingTimestamp>
 </ExportList>
 <ExportList>
  <FormName>
   otherForm_516
  </FormName>
  <UserID>
   USER179
  </UserID>
  <OpeningTimestamp>
   2015-10-08T09:32:41
  </OpeningTimestamp>
  <ClosingTimestamp>
   2015-10-08T09:34:45
  </ClosingTimestamp>
 </ExportList>
 <ExportList>
  <FormName>
   LEVEL2_FORM_4
  </FormName>
  <UserID>
   USER179
  </UserID>
  <OpeningTimestamp>
   2015-10-08T09:32:14
  </OpeningTimestamp>
  <ClosingTimestamp>
   2015-10-08T09:34:54
  </ClosingTimestamp>
 </ExportList>
 <ExportList>
  <FormName>
   LEVEL1_HOME_FORM
  </FormName>
  <UserID>
   USER179
  </UserID>
  <OpeningTimestamp>
   2015-10-08T09:32:06
  </OpeningTimestamp>
  <ClosingTimestamp>
   2015-10-08T09:34:54
  </ClosingTimestamp>
 </ExportList>
</dataroot>