<?xml version="1.0" encoding="utf-8"?>
<dataroot generated="2016-11-09T11:40:39">
 <ExportList>
  <FormName>
   otherForm_0
  </FormName>
  <UserID>
   USER178
  </UserID>
  <OpeningTimestamp>
   2016-11-09T11:40:29
  </OpeningTimestamp>
 </ExportList>
 <ExportList>
  <FormName>
   LEVEL2_FORM_11
  </FormName>
  <UserID>
   USER178
  </UserID>
  <OpeningTimestamp>
   2016-11-09T11:40:26
  </OpeningTimestamp>
 </ExportList>
 <ExportList>
  <FormName>
   LEVEL1_HOME_FORM
  </FormName>
  <UserID>
   USER178
  </UserID>
  <OpeningTimestamp>
   2016-11-09T11:40:15
  </OpeningTimestamp>
 </ExportList>
 <ExportList>
  <FormName>
   LEVEL1_HOME_FORM
  </FormName>
  <UserID>
   USER178
  </UserID>
  <OpeningTimestamp>
   2016-11-09T11:28:38
  </OpeningTimestamp>
 </ExportList>
 <ExportList>
  <FormName>
   otherForm_414
  </FormName>
  <UserID>
   USER178
  </UserID>
  <OpeningTimestamp>
   2016-11-09T11:28:15
  </OpeningTimestamp>
  <ClosingTimestamp>
   2016-11-09T11:28:16
  </ClosingTimestamp>
 </ExportList>
 <ExportList>
  <FormName>
   otherForm_415
  </FormName>
  <UserID>
   USER178
  </UserID>
  <OpeningTimestamp>
   2016-11-09T11:28:13
  </OpeningTimestamp>
  <ClosingTimestamp>
   2016-11-09T11:28:17
  </ClosingTimestamp>
 </ExportList>
 <ExportList>
  <FormName>
   otherForm_404
  </FormName>
  <UserID>
   USER178
  </UserID>
  <OpeningTimestamp>
   2016-11-09T11:28:10
  </OpeningTimestamp>
  <ClosingTimestamp>
   2016-11-09T11:28:17
  </ClosingTimestamp>
 </ExportList>
 <ExportList>
  <FormName>
   otherForm_425
  </FormName>
  <UserID>
   USER178
  </UserID>
  <OpeningTimestamp>
   2016-11-09T11:28:01
  </OpeningTimestamp>
  <ClosingTimestamp>
   2016-11-09T11:28:08
  </ClosingTimestamp>
 </ExportList>
 <ExportList>
  <FormName>
   otherForm_508
  </FormName>
  <UserID>
   USER178
  </UserID>
  <OpeningTimestamp>
   2016-11-09T11:27:55
  </OpeningTimestamp>
  <ClosingTimestamp>
   2016-11-09T11:27:59
  </ClosingTimestamp>
 </ExportList>
 <ExportList>
  <FormName>
   otherForm_455
  </FormName>
  <UserID>
   USER178
  </UserID>
  <OpeningTimestamp>
   2016-11-09T11:27:53
  </OpeningTimestamp>
  <ClosingTimestamp>
   2016-11-09T11:28:00
  </ClosingTimestamp>
 </ExportList>
 <ExportList>
  <FormName>
   LEVEL2_FORM_4
  </FormName>
  <UserID>
   USER178
  </UserID>
  <OpeningTimestamp>
   2016-11-09T11:27:50
  </OpeningTimestamp>
  <ClosingTimestamp>
   2016-11-09T11:28:17
  </ClosingTimestamp>
 </ExportList>
 <ExportList>
  <FormName>
   otherForm_420
  </FormName>
  <UserID>
   USER178
  </UserID>
  <OpeningTimestamp>
   2016-11-09T11:27:50
  </OpeningTimestamp>
  <ClosingTimestamp>
   2016-11-09T11:27:52
  </ClosingTimestamp>
 </ExportList>
 <ExportList>
  <FormName>
   LEVEL1_HOME_FORM
  </FormName>
  <UserID>
   USER178
  </UserID>
  <OpeningTimestamp>
   2016-11-09T11:27:47
  </OpeningTimestamp>
  <ClosingTimestamp>
   2016-11-09T11:28:17
  </ClosingTimestamp>
 </ExportList>
 <ExportList>
  <FormName>
   otherForm_508
  </FormName>
  <UserID>
   USER178
  </UserID>
  <OpeningTimestamp>
   2016-11-09T11:22:41
  </OpeningTimestamp>
  <ClosingTimestamp>
   2016-11-09T11:22:41
  </ClosingTimestamp>
 </ExportList>
 <ExportList>
  <FormName>
   otherForm_455
  </FormName>
  <UserID>
   USER178
  </UserID>
  <OpeningTimestamp>
   2016-11-09T11:22:37
  </OpeningTimestamp>
  <ClosingTimestamp>
   2016-11-09T11:22:42
  </ClosingTimestamp>
 </ExportList>
 <ExportList>
  <FormName>
   LEVEL2_FORM_4
  </FormName>
  <UserID>
   USER178
  </UserID>
  <OpeningTimestamp>
   2016-11-09T11:22:35
  </OpeningTimestamp>
 </ExportList>
 <ExportList>
  <FormName>
   LEVEL1_HOME_FORM
  </FormName>
  <UserID>
   USER178
  </UserID>
  <OpeningTimestamp>
   2016-11-09T11:22:29
  </OpeningTimestamp>
 </ExportList>
 <ExportList>
  <FormName>
   LEVEL1_HOME_FORM
  </FormName>
  <UserID>
   USER178
  </UserID>
  <OpeningTimestamp>
   2016-11-09T11:22:14
  </OpeningTimestamp>
  <ClosingTimestamp>
   2016-11-09T11:22:20
  </ClosingTimestamp>
 </ExportList>
 <ExportList>
  <FormName>
   otherForm_398
  </FormName>
  <UserID>
   USER117
  </UserID>
  <OpeningTimestamp>
   2016-11-07T12:07:46
  </OpeningTimestamp>
  <ClosingTimestamp>
   2016-11-07T12:08:06
  </ClosingTimestamp>
 </ExportList>
 <ExportList>
  <FormName>
   otherForm_341
  </FormName>
  <UserID>
   USER117
  </UserID>
  <OpeningTimestamp>
   2016-11-07T12:07:41
  </OpeningTimestamp>
  <ClosingTimestamp>
   2016-11-07T12:08:11
  </ClosingTimestamp>
 </ExportList>
 <ExportList>
  <FormName>
   otherForm_573
  </FormName>
  <UserID>
   USER117
  </UserID>
  <OpeningTimestamp>
   2016-11-07T12:07:13
  </OpeningTimestamp>
  <ClosingTimestamp>
   2016-11-07T12:07:38
  </ClosingTimestamp>
 </ExportList>
 <ExportList>
  <FormName>
   otherForm_283
  </FormName>
  <UserID>
   USER117
  </UserID>
  <OpeningTimestamp>
   2016-11-07T12:06:41
  </OpeningTimestamp>
  <ClosingTimestamp>
   2016-11-07T12:07:39
  </ClosingTimestamp>
 </ExportList>
 <ExportList>
  <FormName>
   otherForm_283
  </FormName>
  <UserID>
   USER117
  </UserID>
  <OpeningTimestamp>
   2016-11-07T12:05:42
  </OpeningTimestamp>
  <ClosingTimestamp>
   2016-11-07T12:06:37
  </ClosingTimestamp>
 </ExportList>
 <ExportList>
  <FormName>
   otherForm_180
  </FormName>
  <UserID>
   USER117
  </UserID>
  <OpeningTimestamp>
   2016-11-07T12:05:16
  </OpeningTimestamp>
  <ClosingTimestamp>
   2016-11-07T12:05:26
  </ClosingTimestamp>
 </ExportList>
 <ExportList>
  <FormName>
   otherForm_181
  </FormName>
  <UserID>
   USER117
  </UserID>
  <OpeningTimestamp>
   2016-11-07T12:04:46
  </OpeningTimestamp>
  <ClosingTimestamp>
   2016-11-07T12:05:27
  </ClosingTimestamp>
 </ExportList>
 <ExportList>
  <FormName>
   otherForm_231
  </FormName>
  <UserID>
   USER117
  </UserID>
  <OpeningTimestamp>
   2016-11-07T12:04:26
  </OpeningTimestamp>
  <ClosingTimestamp>
   2016-11-07T12:04:42
  </ClosingTimestamp>
 </ExportList>
 <ExportList>
  <FormName>
   otherForm_307
  </FormName>
  <UserID>
   USER117
  </UserID>
  <OpeningTimestamp>
   2016-11-07T12:03:52
  </OpeningTimestamp>
  <ClosingTimestamp>
   2016-11-07T12:03:57
  </ClosingTimestamp>
 </ExportList>
 <ExportList>
  <FormName>
   otherForm_40
  </FormName>
  <UserID>
   USER117
  </UserID>
  <OpeningTimestamp>
   2016-11-07T12:03:46
  </OpeningTimestamp>
  <ClosingTimestamp>
   2016-11-07T12:03:59
  </ClosingTimestamp>
 </ExportList>
 <ExportList>
  <FormName>
   otherForm_273
  </FormName>
  <UserID>
   USER117
  </UserID>
  <OpeningTimestamp>
   2016-11-07T12:03:22
  </OpeningTimestamp>
  <ClosingTimestamp>
   2016-11-07T12:03:42
  </ClosingTimestamp>
 </ExportList>
 <ExportList>
  <FormName>
   otherForm_274
  </FormName>
  <UserID>
   USER117
  </UserID>
  <OpeningTimestamp>
   2016-11-07T12:03:18
  </OpeningTimestamp>
  <ClosingTimestamp>
   2016-11-07T12:03:43
  </ClosingTimestamp>
 </ExportList>
 <ExportList>
  <FormName>
   otherForm_307
  </FormName>
  <UserID>
   USER117
  </UserID>
  <OpeningTimestamp>
   2016-11-07T12:02:55
  </OpeningTimestamp>
  <ClosingTimestamp>
   2016-11-07T12:03:12
  </ClosingTimestamp>
 </ExportList>
 <ExportList>
  <FormName>
   otherForm_39
  </FormName>
  <UserID>
   USER117
  </UserID>
  <OpeningTimestamp>
   2016-11-07T12:01:13
  </OpeningTimestamp>
  <ClosingTimestamp>
   2016-11-07T12:02:47
  </ClosingTimestamp>
 </ExportList>
 <ExportList>
  <FormName>
   otherForm_272
  </FormName>
  <UserID>
   USER117
  </UserID>
  <OpeningTimestamp>
   2016-11-07T12:01:01
  </OpeningTimestamp>
  <ClosingTimestamp>
   2016-11-07T12:01:03
  </ClosingTimestamp>
 </ExportList>
 <ExportList>
  <FormName>
   otherForm_159
  </FormName>
  <UserID>
   USER117
  </UserID>
  <OpeningTimestamp>
   2016-11-07T12:00:57
  </OpeningTimestamp>
  <ClosingTimestamp>
   2016-11-07T12:01:04
  </ClosingTimestamp>
 </ExportList>
 <ExportList>
  <FormName>
   otherForm_40
  </FormName>
  <UserID>
   USER117
  </UserID>
  <OpeningTimestamp>
   2016-11-07T12:00:30
  </OpeningTimestamp>
  <ClosingTimestamp>
   2016-11-07T12:03:13
  </ClosingTimestamp>
 </ExportList>
 <ExportList>
  <FormName>
   otherForm_41
  </FormName>
  <UserID>
   USER117
  </UserID>
  <OpeningTimestamp>
   2016-11-07T12:00:21
  </OpeningTimestamp>
  <ClosingTimestamp>
   2016-11-07T12:04:07
  </ClosingTimestamp>
 </ExportList>
 <ExportList>
  <FormName>
   otherForm_8
  </FormName>
  <UserID>
   USER117
  </UserID>
  <OpeningTimestamp>
   2016-11-07T11:59:12
  </OpeningTimestamp>
  <ClosingTimestamp>
   2016-11-07T11:59:22
  </ClosingTimestamp>
 </ExportList>
 <ExportList>
  <FormName>
   otherForm_8
  </FormName>
  <UserID>
   USER117
  </UserID>
  <OpeningTimestamp>
   2016-11-07T11:58:14
  </OpeningTimestamp>
  <ClosingTimestamp>
   2016-11-07T11:58:24
  </ClosingTimestamp>
 </ExportList>
 <ExportList>
  <FormName>
   otherForm_41
  </FormName>
  <UserID>
   USER117
  </UserID>
  <OpeningTimestamp>
   2016-11-07T11:57:46
  </OpeningTimestamp>
  <ClosingTimestamp>
   2016-11-07T12:00:17
  </ClosingTimestamp>
 </ExportList>
 <ExportList>
  <FormName>
   otherForm_44
  </FormName>
  <UserID>
   USER117
  </UserID>
  <OpeningTimestamp>
   2016-11-07T11:57:36
  </OpeningTimestamp>
  <ClosingTimestamp>
   2016-11-07T12:04:09
  </ClosingTimestamp>
 </ExportList>
 <ExportList>
  <FormName>
   LEVEL2_FORM_3
  </FormName>
  <UserID>
   USER117
  </UserID>
  <OpeningTimestamp>
   2016-11-07T11:57:23
  </OpeningTimestamp>
  <ClosingTimestamp>
   2016-11-07T12:08:25
  </ClosingTimestamp>
 </ExportList>
 <ExportList>
  <FormName>
   otherForm_24
  </FormName>
  <UserID>
   USER117
  </UserID>
  <OpeningTimestamp>
   2016-11-07T11:52:10
  </OpeningTimestamp>
  <ClosingTimestamp>
   2016-11-07T11:56:44
  </ClosingTimestamp>
 </ExportList>
 <ExportList>
  <FormName>
   otherForm_24
  </FormName>
  <UserID>
   USER117
  </UserID>
  <OpeningTimestamp>
   2016-11-07T11:51:43
  </OpeningTimestamp>
  <ClosingTimestamp>
   2016-11-07T11:51:52
  </ClosingTimestamp>
 </ExportList>
 <ExportList>
  <FormName>
   otherForm_256
  </FormName>
  <UserID>
   USER117
  </UserID>
  <OpeningTimestamp>
   2016-11-07T11:46:17
  </OpeningTimestamp>
  <ClosingTimestamp>
   2016-11-07T11:46:31
  </ClosingTimestamp>
 </ExportList>
 <ExportList>
  <FormName>
   otherForm_193
  </FormName>
  <UserID>
   USER117
  </UserID>
  <OpeningTimestamp>
   2016-11-07T11:46:06
  </OpeningTimestamp>
  <ClosingTimestamp>
   2016-11-07T11:48:08
  </ClosingTimestamp>
 </ExportList>
 <ExportList>
  <FormName>
   otherForm_217
  </FormName>
  <UserID>
   USER117
  </UserID>
  <OpeningTimestamp>
   2016-11-07T11:45:01
  </OpeningTimestamp>
  <ClosingTimestamp>
   2016-11-07T11:45:29
  </ClosingTimestamp>
 </ExportList>
 <ExportList>
  <FormName>
   otherForm_42
  </FormName>
  <UserID>
   USER117
  </UserID>
  <OpeningTimestamp>
   2016-11-07T11:43:23
  </OpeningTimestamp>
  <ClosingTimestamp>
   2016-11-07T11:43:56
  </ClosingTimestamp>
 </ExportList>
 <ExportList>
  <FormName>
   otherForm_96
  </FormName>
  <UserID>
   USER117
  </UserID>
  <OpeningTimestamp>
   2016-11-07T11:42:31
  </OpeningTimestamp>
  <ClosingTimestamp>
   2016-11-07T11:42:56
  </ClosingTimestamp>
 </ExportList>
 <ExportList>
  <FormName>
   otherForm_360
  </FormName>
  <UserID>
   USER117
  </UserID>
  <OpeningTimestamp>
   2016-11-07T11:42:03
  </OpeningTimestamp>
  <ClosingTimestamp>
   2016-11-07T11:42:57
  </ClosingTimestamp>
 </ExportList>
 <ExportList>
  <FormName>
   otherForm_98
  </FormName>
  <UserID>
   USER117
  </UserID>
  <OpeningTimestamp>
   2016-11-07T11:41:26
  </OpeningTimestamp>
  <ClosingTimestamp>
   2016-11-07T11:43:08
  </ClosingTimestamp>
 </ExportList>
 <ExportList>
  <FormName>
   otherForm_94
  </FormName>
  <UserID>
   USER117
  </UserID>
  <OpeningTimestamp>
   2016-11-07T11:40:11
  </OpeningTimestamp>
  <ClosingTimestamp>
   2016-11-07T11:43:08
  </ClosingTimestamp>
 </ExportList>
 <ExportList>
  <FormName>
   otherForm_70
  </FormName>
  <UserID>
   USER117
  </UserID>
  <OpeningTimestamp>
   2016-11-07T11:39:37
  </OpeningTimestamp>
  <ClosingTimestamp>
   2016-11-07T11:39:50
  </ClosingTimestamp>
 </ExportList>
 <ExportList>
  <FormName>
   otherForm_273
  </FormName>
  <UserID>
   USER117
  </UserID>
  <OpeningTimestamp>
   2016-11-07T11:39:11
  </OpeningTimestamp>
  <ClosingTimestamp>
   2016-11-07T11:39:21
  </ClosingTimestamp>
 </ExportList>
 <ExportList>
  <FormName>
   otherForm_274
  </FormName>
  <UserID>
   USER117
  </UserID>
  <OpeningTimestamp>
   2016-11-07T11:39:01
  </OpeningTimestamp>
  <ClosingTimestamp>
   2016-11-07T11:39:23
  </ClosingTimestamp>
 </ExportList>
 <ExportList>
  <FormName>
   otherForm_611
  </FormName>
  <UserID>
   USER117
  </UserID>
  <OpeningTimestamp>
   2016-11-07T11:38:15
  </OpeningTimestamp>
  <ClosingTimestamp>
   2016-11-07T11:38:55
  </ClosingTimestamp>
 </ExportList>
 <ExportList>
  <FormName>
   otherForm_261
  </FormName>
  <UserID>
   USER117
  </UserID>
  <OpeningTimestamp>
   2016-11-07T11:37:38
  </OpeningTimestamp>
  <ClosingTimestamp>
   2016-11-07T11:37:42
  </ClosingTimestamp>
 </ExportList>
 <ExportList>
  <FormName>
   otherForm_70
  </FormName>
  <UserID>
   USER117
  </UserID>
  <OpeningTimestamp>
   2016-11-07T11:36:09
  </OpeningTimestamp>
  <ClosingTimestamp>
   2016-11-07T11:38:57
  </ClosingTimestamp>
 </ExportList>
 <ExportList>
  <FormName>
   otherForm_43
  </FormName>
  <UserID>
   USER117
  </UserID>
  <OpeningTimestamp>
   2016-11-07T11:36:01
  </OpeningTimestamp>
  <ClosingTimestamp>
   2016-11-07T11:48:21
  </ClosingTimestamp>
 </ExportList>
 <ExportList>
  <FormName>
   otherForm_84
  </FormName>
  <UserID>
   USER117
  </UserID>
  <OpeningTimestamp>
   2016-11-07T11:35:04
  </OpeningTimestamp>
  <ClosingTimestamp>
   2016-11-07T11:35:10
  </ClosingTimestamp>
 </ExportList>
 <ExportList>
  <FormName>
   otherForm_83
  </FormName>
  <UserID>
   USER117
  </UserID>
  <OpeningTimestamp>
   2016-11-07T11:34:08
  </OpeningTimestamp>
  <ClosingTimestamp>
   2016-11-07T11:34:31
  </ClosingTimestamp>
 </ExportList>
 <ExportList>
  <FormName>
   otherForm_82
  </FormName>
  <UserID>
   USER117
  </UserID>
  <OpeningTimestamp>
   2016-11-07T11:33:50
  </OpeningTimestamp>
  <ClosingTimestamp>
   2016-11-07T11:34:02
  </ClosingTimestamp>
 </ExportList>
 <ExportList>
  <FormName>
   otherForm_273
  </FormName>
  <UserID>
   USER117
  </UserID>
  <OpeningTimestamp>
   2016-11-07T11:33:17
  </OpeningTimestamp>
  <ClosingTimestamp>
   2016-11-07T11:33:44
  </ClosingTimestamp>
 </ExportList>
 <ExportList>
  <FormName>
   otherForm_274
  </FormName>
  <UserID>
   USER117
  </UserID>
  <OpeningTimestamp>
   2016-11-07T11:33:13
  </OpeningTimestamp>
  <ClosingTimestamp>
   2016-11-07T11:33:46
  </ClosingTimestamp>
 </ExportList>
 <ExportList>
  <FormName>
   otherForm_82
  </FormName>
  <UserID>
   USER117
  </UserID>
  <OpeningTimestamp>
   2016-11-07T11:31:31
  </OpeningTimestamp>
  <ClosingTimestamp>
   2016-11-07T11:31:54
  </ClosingTimestamp>
 </ExportList>
 <ExportList>
  <FormName>
   otherForm_85
  </FormName>
  <UserID>
   USER117
  </UserID>
  <OpeningTimestamp>
   2016-11-07T11:28:26
  </OpeningTimestamp>
  <ClosingTimestamp>
   2016-11-07T11:29:04
  </ClosingTimestamp>
 </ExportList>
 <ExportList>
  <FormName>
   otherForm_84
  </FormName>
  <UserID>
   USER117
  </UserID>
  <OpeningTimestamp>
   2016-11-07T11:28:15
  </OpeningTimestamp>
  <ClosingTimestamp>
   2016-11-07T11:34:38
  </ClosingTimestamp>
 </ExportList>
 <ExportList>
  <FormName>
   otherForm_43
  </FormName>
  <UserID>
   USER117
  </UserID>
  <OpeningTimestamp>
   2016-11-07T11:26:26
  </OpeningTimestamp>
  <ClosingTimestamp>
   2016-11-07T11:35:31
  </ClosingTimestamp>
 </ExportList>
 <ExportList>
  <FormName>
   otherForm_24
  </FormName>
  <UserID>
   USER117
  </UserID>
  <OpeningTimestamp>
   2016-11-07T11:24:18
  </OpeningTimestamp>
  <ClosingTimestamp>
   2016-11-07T11:48:23
  </ClosingTimestamp>
 </ExportList>
 <ExportList>
  <FormName>
   otherForm_72
  </FormName>
  <UserID>
   USER117
  </UserID>
  <OpeningTimestamp>
   2016-11-07T11:22:52
  </OpeningTimestamp>
  <ClosingTimestamp>
   2016-11-07T11:56:48
  </ClosingTimestamp>
 </ExportList>
 <ExportList>
  <FormName>
   otherForm_15
  </FormName>
  <UserID>
   USER117
  </UserID>
  <OpeningTimestamp>
   2016-11-07T11:21:32
  </OpeningTimestamp>
  <ClosingTimestamp>
   2016-11-07T11:22:04
  </ClosingTimestamp>
 </ExportList>
 <ExportList>
  <FormName>
   otherForm_17
  </FormName>
  <UserID>
   USER117
  </UserID>
  <OpeningTimestamp>
   2016-11-07T11:19:52
  </OpeningTimestamp>
  <ClosingTimestamp>
   2016-11-07T11:20:36
  </ClosingTimestamp>
 </ExportList>
 <ExportList>
  <FormName>
   otherForm_15
  </FormName>
  <UserID>
   USER117
  </UserID>
  <OpeningTimestamp>
   2016-11-07T11:18:14
  </OpeningTimestamp>
  <ClosingTimestamp>
   2016-11-07T11:21:10
  </ClosingTimestamp>
 </ExportList>
 <ExportList>
  <FormName>
   otherForm_16
  </FormName>
  <UserID>
   USER117
  </UserID>
  <OpeningTimestamp>
   2016-11-07T11:16:54
  </OpeningTimestamp>
  <ClosingTimestamp>
   2016-11-07T11:22:05
  </ClosingTimestamp>
 </ExportList>
 <ExportList>
  <FormName>
   otherForm_332
  </FormName>
  <UserID>
   USER117
  </UserID>
  <OpeningTimestamp>
   2016-11-07T11:11:06
  </OpeningTimestamp>
  <ClosingTimestamp>
   2016-11-07T11:11:11
  </ClosingTimestamp>
 </ExportList>
 <ExportList>
  <FormName>
   otherForm_17
  </FormName>
  <UserID>
   USER117
  </UserID>
  <OpeningTimestamp>
   2016-11-07T11:08:45
  </OpeningTimestamp>
  <ClosingTimestamp>
   2016-11-07T11:16:34
  </ClosingTimestamp>
 </ExportList>
 <ExportList>
  <FormName>
   otherForm_87
  </FormName>
  <UserID>
   USER117
  </UserID>
  <OpeningTimestamp>
   2016-11-07T11:07:31
  </OpeningTimestamp>
  <ClosingTimestamp>
   2016-11-07T11:07:45
  </ClosingTimestamp>
 </ExportList>
 <ExportList>
  <FormName>
   otherForm_87
  </FormName>
  <UserID>
   USER117
  </UserID>
  <OpeningTimestamp>
   2016-11-07T11:05:22
  </OpeningTimestamp>
  <ClosingTimestamp>
   2016-11-07T11:06:11
  </ClosingTimestamp>
 </ExportList>
 <ExportList>
  <FormName>
   otherForm_88
  </FormName>
  <UserID>
   USER117
  </UserID>
  <OpeningTimestamp>
   2016-11-07T11:04:58
  </OpeningTimestamp>
  <ClosingTimestamp>
   2016-11-07T11:07:52
  </ClosingTimestamp>
 </ExportList>
 <ExportList>
  <FormName>
   otherForm_17
  </FormName>
  <UserID>
   USER117
  </UserID>
  <OpeningTimestamp>
   2016-11-07T11:01:20
  </OpeningTimestamp>
  <ClosingTimestamp>
   2016-11-07T11:08:39
  </ClosingTimestamp>
 </ExportList>
 <ExportList>
  <FormName>
   otherForm_8
  </FormName>
  <UserID>
   USER117
  </UserID>
  <OpeningTimestamp>
   2016-11-07T11:00:42
  </OpeningTimestamp>
  <ClosingTimestamp>
   2016-11-07T11:16:37
  </ClosingTimestamp>
 </ExportList>
 <ExportList>
  <FormName>
   otherForm_286
  </FormName>
  <UserID>
   USER117
  </UserID>
  <OpeningTimestamp>
   2016-11-07T11:00:34
  </OpeningTimestamp>
  <ClosingTimestamp>
   2016-11-07T11:00:38
  </ClosingTimestamp>
 </ExportList>
 <ExportList>
  <FormName>
   LEVEL2_FORM_11
  </FormName>
  <UserID>
   USER117
  </UserID>
  <OpeningTimestamp>
   2016-11-07T11:00:32
  </OpeningTimestamp>
  <ClosingTimestamp>
   2016-11-07T11:00:40
  </ClosingTimestamp>
 </ExportList>
 <ExportList>
  <FormName>
   otherForm_8
  </FormName>
  <UserID>
   USER117
  </UserID>
  <OpeningTimestamp>
   2016-11-07T11:00:17
  </OpeningTimestamp>
  <ClosingTimestamp>
   2016-11-07T11:00:30
  </ClosingTimestamp>
 </ExportList>
 <ExportList>
  <FormName>
   LEVEL1_HOME_FORM
  </FormName>
  <UserID>
   USER117
  </UserID>
  <OpeningTimestamp>
   2016-11-07T10:58:23
  </OpeningTimestamp>
  <ClosingTimestamp>
   2016-11-07T12:09:33
  </ClosingTimestamp>
 </ExportList>
 <ExportList>
  <FormName>
   otherForm_508
  </FormName>
  <UserID>
   USER117
  </UserID>
  <OpeningTimestamp>
   2016-11-07T10:41:58
  </OpeningTimestamp>
  <ClosingTimestamp>
   2016-11-07T10:42:00
  </ClosingTimestamp>
 </ExportList>
 <ExportList>
  <FormName>
   otherForm_455
  </FormName>
  <UserID>
   USER117
  </UserID>
  <OpeningTimestamp>
   2016-11-07T10:41:49
  </OpeningTimestamp>
  <ClosingTimestamp>
   2016-11-07T10:42:02
  </ClosingTimestamp>
 </ExportList>
 <ExportList>
  <FormName>
   otherForm_273
  </FormName>
  <UserID>
   USER117
  </UserID>
  <OpeningTimestamp>
   2016-11-07T10:41:28
  </OpeningTimestamp>
  <ClosingTimestamp>
   2016-11-07T10:41:45
  </ClosingTimestamp>
 </ExportList>
 <ExportList>
  <FormName>
   otherForm_274
  </FormName>
  <UserID>
   USER117
  </UserID>
  <OpeningTimestamp>
   2016-11-07T10:41:26
  </OpeningTimestamp>
  <ClosingTimestamp>
   2016-11-07T10:41:46
  </ClosingTimestamp>
 </ExportList>
 <ExportList>
  <FormName>
   LEVEL2_FORM_4
  </FormName>
  <UserID>
   USER117
  </UserID>
  <OpeningTimestamp>
   2016-11-07T10:41:11
  </OpeningTimestamp>
  <ClosingTimestamp>
   2016-11-07T10:42:14
  </ClosingTimestamp>
 </ExportList>
 <ExportList>
  <FormName>
   LEVEL1_HOME_FORM
  </FormName>
  <UserID>
   USER117
  </UserID>
  <OpeningTimestamp>
   2016-11-07T10:32:09
  </OpeningTimestamp>
  <ClosingTimestamp>
   2016-11-07T12:08:46
  </ClosingTimestamp>
 </ExportList>
 <ExportList>
  <FormName>
   otherForm_335
  </FormName>
  <UserID>
   USER117
  </UserID>
  <OpeningTimestamp>
   2016-11-07T10:31:20
  </OpeningTimestamp>
  <ClosingTimestamp>
   2016-11-07T10:31:24
  </ClosingTimestamp>
 </ExportList>
 <ExportList>
  <FormName>
   otherForm_508
  </FormName>
  <UserID>
   USER117
  </UserID>
  <OpeningTimestamp>
   2016-11-07T10:30:49
  </OpeningTimestamp>
  <ClosingTimestamp>
   2016-11-07T10:31:02
  </ClosingTimestamp>
 </ExportList>
 <ExportList>
  <FormName>
   otherForm_455
  </FormName>
  <UserID>
   USER117
  </UserID>
  <OpeningTimestamp>
   2016-11-07T10:30:42
  </OpeningTimestamp>
  <ClosingTimestamp>
   2016-11-07T10:31:04
  </ClosingTimestamp>
 </ExportList>
 <ExportList>
  <FormName>
   otherForm_612
  </FormName>
  <UserID>
   USER117
  </UserID>
  <OpeningTimestamp>
   2016-11-07T10:30:22
  </OpeningTimestamp>
  <ClosingTimestamp>
   2016-11-07T10:30:25
  </ClosingTimestamp>
 </ExportList>
 <ExportList>
  <FormName>
   otherForm_273
  </FormName>
  <UserID>
   USER117
  </UserID>
  <OpeningTimestamp>
   2016-11-07T10:30:14
  </OpeningTimestamp>
  <ClosingTimestamp>
   2016-11-07T10:30:38
  </ClosingTimestamp>
 </ExportList>
 <ExportList>
  <FormName>
   otherForm_274
  </FormName>
  <UserID>
   USER117
  </UserID>
  <OpeningTimestamp>
   2016-11-07T10:30:12
  </OpeningTimestamp>
  <ClosingTimestamp>
   2016-11-07T10:30:40
  </ClosingTimestamp>
 </ExportList>
 <ExportList>
  <FormName>
   LEVEL2_FORM_4
  </FormName>
  <UserID>
   USER117
  </UserID>
  <OpeningTimestamp>
   2016-11-07T10:30:09
  </OpeningTimestamp>
 </ExportList>
 <ExportList>
  <FormName>
   LEVEL1_HOME_FORM
  </FormName>
  <UserID>
   USER117
  </UserID>
  <OpeningTimestamp>
   2016-11-07T10:30:05
  </OpeningTimestamp>
 </ExportList>
 <ExportList>
  <FormName>
   otherForm_273
  </FormName>
  <UserID>
   USER117
  </UserID>
  <OpeningTimestamp>
   2016-11-07T10:29:04
  </OpeningTimestamp>
  <ClosingTimestamp>
   2016-11-07T10:29:36
  </ClosingTimestamp>
 </ExportList>
 <ExportList>
  <FormName>
   otherForm_274
  </FormName>
  <UserID>
   USER117
  </UserID>
  <OpeningTimestamp>
   2016-11-07T10:29:00
  </OpeningTimestamp>
  <ClosingTimestamp>
   2016-11-07T10:29:37
  </ClosingTimestamp>
 </ExportList>
 <ExportList>
  <FormName>
   LEVEL1_HOME_FORM
  </FormName>
  <UserID>
   USER117
  </UserID>
  <OpeningTimestamp>
   2016-11-07T10:28:08
  </OpeningTimestamp>
  <ClosingTimestamp>
   2016-11-07T10:28:12
  </ClosingTimestamp>
 </ExportList>
 <ExportList>
  <FormName>
   otherForm_8
  </FormName>
  <UserID>
   USER117
  </UserID>
  <OpeningTimestamp>
   2016-11-07T10:27:26
  </OpeningTimestamp>
  <ClosingTimestamp>
   2016-11-07T10:27:39
  </ClosingTimestamp>
 </ExportList>
 <ExportList>
  <FormName>
   otherForm_386
  </FormName>
  <UserID>
   USER117
  </UserID>
  <OpeningTimestamp>
   2016-11-07T10:26:57
  </OpeningTimestamp>
  <ClosingTimestamp>
   2016-11-07T10:27:04
  </ClosingTimestamp>
 </ExportList>
 <ExportList>
  <FormName>
   otherForm_386
  </FormName>
  <UserID>
   USER117
  </UserID>
  <OpeningTimestamp>
   2016-11-07T10:26:33
  </OpeningTimestamp>
  <ClosingTimestamp>
   2016-11-07T10:26:46
  </ClosingTimestamp>
 </ExportList>
 <ExportList>
  <FormName>
   otherForm_386
  </FormName>
  <UserID>
   USER117
  </UserID>
  <OpeningTimestamp>
   2016-11-07T10:26:11
  </OpeningTimestamp>
  <ClosingTimestamp>
   2016-11-07T10:26:30
  </ClosingTimestamp>
 </ExportList>
 <ExportList>
  <FormName>
   otherForm_267
  </FormName>
  <UserID>
   USER117
  </UserID>
  <OpeningTimestamp>
   2016-11-07T10:26:04
  </OpeningTimestamp>
  <ClosingTimestamp>
   2016-11-07T10:27:14
  </ClosingTimestamp>
 </ExportList>
 <ExportList>
  <FormName>
   otherForm_350
  </FormName>
  <UserID>
   USER117
  </UserID>
  <OpeningTimestamp>
   2016-11-07T10:25:42
  </OpeningTimestamp>
  <ClosingTimestamp>
   2016-11-07T10:25:50
  </ClosingTimestamp>
 </ExportList>
 <ExportList>
  <FormName>
   otherForm_350
  </FormName>
  <UserID>
   USER117
  </UserID>
  <OpeningTimestamp>
   2016-11-07T10:25:14
  </OpeningTimestamp>
  <ClosingTimestamp>
   2016-11-07T10:25:33
  </ClosingTimestamp>
 </ExportList>
 <ExportList>
  <FormName>
   otherForm_351
  </FormName>
  <UserID>
   USER117
  </UserID>
  <OpeningTimestamp>
   2016-11-07T10:25:06
  </OpeningTimestamp>
  <ClosingTimestamp>
   2016-11-07T10:26:01
  </ClosingTimestamp>
 </ExportList>
 <ExportList>
  <FormName>
   otherForm_613
  </FormName>
  <UserID>
   USER117
  </UserID>
  <OpeningTimestamp>
   2016-11-07T10:25:02
  </OpeningTimestamp>
  <ClosingTimestamp>
   2016-11-07T10:25:03
  </ClosingTimestamp>
 </ExportList>
 <ExportList>
  <FormName>
   otherForm_614
  </FormName>
  <UserID>
   USER117
  </UserID>
  <OpeningTimestamp>
   2016-11-07T10:24:57
  </OpeningTimestamp>
  <ClosingTimestamp>
   2016-11-07T10:25:04
  </ClosingTimestamp>
 </ExportList>
 <ExportList>
  <FormName>
   otherForm_72
  </FormName>
  <UserID>
   USER117
  </UserID>
  <OpeningTimestamp>
   2016-11-07T10:24:39
  </OpeningTimestamp>
  <ClosingTimestamp>
   2016-11-07T10:27:22
  </ClosingTimestamp>
 </ExportList>
 <ExportList>
  <FormName>
   LEVEL1_HOME_FORM
  </FormName>
  <UserID>
   USER117
  </UserID>
  <OpeningTimestamp>
   2016-11-07T10:24:33
  </OpeningTimestamp>
 </ExportList>
 <ExportList>
  <FormName>
   LEVEL1_HOME_FORM
  </FormName>
  <UserID>
   USER117
  </UserID>
  <OpeningTimestamp>
   2016-11-07T10:21:07
  </OpeningTimestamp>
  <ClosingTimestamp>
   2016-11-07T10:21:09
  </ClosingTimestamp>
 </ExportList>
 <ExportList>
  <FormName>
   otherForm_335
  </FormName>
  <UserID>
   USER179
  </UserID>
  <OpeningTimestamp>
   2016-11-07T10:16:11
  </OpeningTimestamp>
  <ClosingTimestamp>
   2016-11-07T10:16:33
  </ClosingTimestamp>
 </ExportList>
 <ExportList>
  <FormName>
   otherForm_335
  </FormName>
  <UserID>
   USER179
  </UserID>
  <OpeningTimestamp>
   2016-11-07T10:16:00
  </OpeningTimestamp>
  <ClosingTimestamp>
   2016-11-07T10:16:10
  </ClosingTimestamp>
 </ExportList>
 <ExportList>
  <FormName>
   otherForm_506
  </FormName>
  <UserID>
   USER179
  </UserID>
  <OpeningTimestamp>
   2016-11-07T10:15:47
  </OpeningTimestamp>
  <ClosingTimestamp>
   2016-11-07T10:15:58
  </ClosingTimestamp>
 </ExportList>
 <ExportList>
  <FormName>
   LEVEL2_FORM_4
  </FormName>
  <UserID>
   USER179
  </UserID>
  <OpeningTimestamp>
   2016-11-07T10:15:43
  </OpeningTimestamp>
  <ClosingTimestamp>
   2016-11-07T10:16:37
  </ClosingTimestamp>
 </ExportList>
 <ExportList>
  <FormName>
   LEVEL2_FORM_1
  </FormName>
  <UserID>
   USER179
  </UserID>
  <OpeningTimestamp>
   2016-11-07T10:11:41
  </OpeningTimestamp>
  <ClosingTimestamp>
   2016-11-07T10:11:43
  </ClosingTimestamp>
 </ExportList>
 <ExportList>
  <FormName>
   LEVEL2_FORM_4
  </FormName>
  <UserID>
   USER179
  </UserID>
  <OpeningTimestamp>
   2016-11-07T10:11:36
  </OpeningTimestamp>
  <ClosingTimestamp>
   2016-11-07T10:11:38
  </ClosingTimestamp>
 </ExportList>
 <ExportList>
  <FormName>
   LEVEL2_FORM_2
  </FormName>
  <UserID>
   USER179
  </UserID>
  <OpeningTimestamp>
   2016-11-07T10:11:28
  </OpeningTimestamp>
  <ClosingTimestamp>
   2016-11-07T10:11:29
  </ClosingTimestamp>
 </ExportList>
 <ExportList>
  <FormName>
   otherForm_141
  </FormName>
  <UserID>
   USER179
  </UserID>
  <OpeningTimestamp>
   2016-11-07T10:11:22
  </OpeningTimestamp>
  <ClosingTimestamp>
   2016-11-07T10:11:23
  </ClosingTimestamp>
 </ExportList>
 <ExportList>
  <FormName>
   otherForm_118
  </FormName>
  <UserID>
   USER179
  </UserID>
  <OpeningTimestamp>
   2016-11-07T10:11:04
  </OpeningTimestamp>
  <ClosingTimestamp>
   2016-11-07T10:11:09
  </ClosingTimestamp>
 </ExportList>
 <ExportList>
  <FormName>
   otherForm_1
  </FormName>
  <UserID>
   USER179
  </UserID>
  <OpeningTimestamp>
   2016-11-07T10:10:59
  </OpeningTimestamp>
  <ClosingTimestamp>
   2016-11-07T10:11:10
  </ClosingTimestamp>
 </ExportList>
 <ExportList>
  <FormName>
   otherForm_244
  </FormName>
  <UserID>
   USER179
  </UserID>
  <OpeningTimestamp>
   2016-11-07T10:10:32
  </OpeningTimestamp>
  <ClosingTimestamp>
   2016-11-07T10:10:52
  </ClosingTimestamp>
 </ExportList>
 <ExportList>
  <FormName>
   otherForm_245
  </FormName>
  <UserID>
   USER179
  </UserID>
  <OpeningTimestamp>
   2016-11-07T10:10:29
  </OpeningTimestamp>
  <ClosingTimestamp>
   2016-11-07T10:10:56
  </ClosingTimestamp>
 </ExportList>
 <ExportList>
  <FormName>
   LEVEL2_FORM_1
  </FormName>
  <UserID>
   USER179
  </UserID>
  <OpeningTimestamp>
   2016-11-07T10:10:27
  </OpeningTimestamp>
  <ClosingTimestamp>
   2016-11-07T10:11:13
  </ClosingTimestamp>
 </ExportList>
 <ExportList>
  <FormName>
   otherForm_72
  </FormName>
  <UserID>
   USER179
  </UserID>
  <OpeningTimestamp>
   2016-11-07T10:10:20
  </OpeningTimestamp>
  <ClosingTimestamp>
   2016-11-07T10:10:23
  </ClosingTimestamp>
 </ExportList>
 <ExportList>
  <FormName>
   otherForm_24
  </FormName>
  <UserID>
   USER179
  </UserID>
  <OpeningTimestamp>
   2016-11-07T10:10:13
  </OpeningTimestamp>
  <ClosingTimestamp>
   2016-11-07T10:10:17
  </ClosingTimestamp>
 </ExportList>
 <ExportList>
  <FormName>
   otherForm_44
  </FormName>
  <UserID>
   USER179
  </UserID>
  <OpeningTimestamp>
   2016-11-07T10:10:08
  </OpeningTimestamp>
  <ClosingTimestamp>
   2016-11-07T10:10:11
  </ClosingTimestamp>
 </ExportList>
 <ExportList>
  <FormName>
   LEVEL2_FORM_11
  </FormName>
  <UserID>
   USER179
  </UserID>
  <OpeningTimestamp>
   2016-11-07T10:09:47
  </OpeningTimestamp>
  <ClosingTimestamp>
   2016-11-07T10:10:00
  </ClosingTimestamp>
 </ExportList>
 <ExportList>
  <FormName>
   otherForm_41
  </FormName>
  <UserID>
   USER179
  </UserID>
  <OpeningTimestamp>
   2016-11-07T10:09:31
  </OpeningTimestamp>
  <ClosingTimestamp>
   2016-11-07T10:09:38
  </ClosingTimestamp>
 </ExportList>
 <ExportList>
  <FormName>
   otherForm_44
  </FormName>
  <UserID>
   USER179
  </UserID>
  <OpeningTimestamp>
   2016-11-07T10:09:29
  </OpeningTimestamp>
  <ClosingTimestamp>
   2016-11-07T10:09:39
  </ClosingTimestamp>
 </ExportList>
 <ExportList>
  <FormName>
   otherForm_273
  </FormName>
  <UserID>
   USER179
  </UserID>
  <OpeningTimestamp>
   2016-11-07T10:09:10
  </OpeningTimestamp>
  <ClosingTimestamp>
   2016-11-07T10:09:26
  </ClosingTimestamp>
 </ExportList>
 <ExportList>
  <FormName>
   otherForm_274
  </FormName>
  <UserID>
   USER179
  </UserID>
  <OpeningTimestamp>
   2016-11-07T10:09:07
  </OpeningTimestamp>
  <ClosingTimestamp>
   2016-11-07T10:09:26
  </ClosingTimestamp>
 </ExportList>
 <ExportList>
  <FormName>
   LEVEL2_FORM_3
  </FormName>
  <UserID>
   USER179
  </UserID>
  <OpeningTimestamp>
   2016-11-07T10:09:06
  </OpeningTimestamp>
  <ClosingTimestamp>
   2016-11-07T10:09:43
  </ClosingTimestamp>
 </ExportList>
 <ExportList>
  <FormName>
   otherForm_44
  </FormName>
  <UserID>
   USER179
  </UserID>
  <OpeningTimestamp>
   2016-11-07T10:08:46
  </OpeningTimestamp>
  <ClosingTimestamp>
   2016-11-07T10:09:03
  </ClosingTimestamp>
 </ExportList>
 <ExportList>
  <FormName>
   LEVEL1_HOME_FORM
  </FormName>
  <UserID>
   USER179
  </UserID>
  <OpeningTimestamp>
   2016-11-07T10:08:38
  </OpeningTimestamp>
  <ClosingTimestamp>
   2016-11-07T10:16:59
  </ClosingTimestamp>
 </ExportList>
 <ExportList>
  <FormName>
   otherForm_273
  </FormName>
  <UserID>
   USER179
  </UserID>
  <OpeningTimestamp>
   2016-11-07T10:07:53
  </OpeningTimestamp>
  <ClosingTimestamp>
   2016-11-07T10:08:09
  </ClosingTimestamp>
 </ExportList>
 <ExportList>
  <FormName>
   otherForm_274
  </FormName>
  <UserID>
   USER179
  </UserID>
  <OpeningTimestamp>
   2016-11-07T10:07:50
  </OpeningTimestamp>
  <ClosingTimestamp>
   2016-11-07T10:08:10
  </ClosingTimestamp>
 </ExportList>
 <ExportList>
  <FormName>
   LEVEL2_FORM_1
  </FormName>
  <UserID>
   USER179
  </UserID>
  <OpeningTimestamp>
   2016-11-07T10:07:44
  </OpeningTimestamp>
  <ClosingTimestamp>
   2016-11-07T10:08:15
  </ClosingTimestamp>
 </ExportList>
 <ExportList>
  <FormName>
   otherForm_273
  </FormName>
  <UserID>
   USER179
  </UserID>
  <OpeningTimestamp>
   2016-11-07T10:07:19
  </OpeningTimestamp>
  <ClosingTimestamp>
   2016-11-07T10:07:31
  </ClosingTimestamp>
 </ExportList>
 <ExportList>
  <FormName>
   otherForm_274
  </FormName>
  <UserID>
   USER179
  </UserID>
  <OpeningTimestamp>
   2016-11-07T10:07:16
  </OpeningTimestamp>
  <ClosingTimestamp>
   2016-11-07T10:07:33
  </ClosingTimestamp>
 </ExportList>
 <ExportList>
  <FormName>
   otherForm_231
  </FormName>
  <UserID>
   USER179
  </UserID>
  <OpeningTimestamp>
   2016-11-07T10:06:33
  </OpeningTimestamp>
  <ClosingTimestamp>
   2016-11-07T10:07:06
  </ClosingTimestamp>
 </ExportList>
 <ExportList>
  <FormName>
   otherForm_181
  </FormName>
  <UserID>
   USER179
  </UserID>
  <OpeningTimestamp>
   2016-11-07T10:06:26
  </OpeningTimestamp>
  <ClosingTimestamp>
   2016-11-07T10:06:30
  </ClosingTimestamp>
 </ExportList>
 <ExportList>
  <FormName>
   otherForm_44
  </FormName>
  <UserID>
   USER179
  </UserID>
  <OpeningTimestamp>
   2016-11-07T10:05:11
  </OpeningTimestamp>
  <ClosingTimestamp>
   2016-11-07T10:06:23
  </ClosingTimestamp>
 </ExportList>
 <ExportList>
  <FormName>
   LEVEL2_FORM_3
  </FormName>
  <UserID>
   USER179
  </UserID>
  <OpeningTimestamp>
   2016-11-07T10:05:09
  </OpeningTimestamp>
  <ClosingTimestamp>
   2016-11-07T10:07:34
  </ClosingTimestamp>
 </ExportList>
 <ExportList>
  <FormName>
   otherForm_273
  </FormName>
  <UserID>
   USER179
  </UserID>
  <OpeningTimestamp>
   2016-11-07T10:04:41
  </OpeningTimestamp>
  <ClosingTimestamp>
   2016-11-07T10:04:57
  </ClosingTimestamp>
 </ExportList>
 <ExportList>
  <FormName>
   otherForm_274
  </FormName>
  <UserID>
   USER179
  </UserID>
  <OpeningTimestamp>
   2016-11-07T10:04:38
  </OpeningTimestamp>
  <ClosingTimestamp>
   2016-11-07T10:04:57
  </ClosingTimestamp>
 </ExportList>
 <ExportList>
  <FormName>
   otherForm_72
  </FormName>
  <UserID>
   USER179
  </UserID>
  <OpeningTimestamp>
   2016-11-07T10:04:30
  </OpeningTimestamp>
  <ClosingTimestamp>
   2016-11-07T10:05:04
  </ClosingTimestamp>
 </ExportList>
 <ExportList>
  <FormName>
   otherForm_375
  </FormName>
  <UserID>
   USER179
  </UserID>
  <OpeningTimestamp>
   2016-11-07T10:04:10
  </OpeningTimestamp>
  <ClosingTimestamp>
   2016-11-07T10:04:22
  </ClosingTimestamp>
 </ExportList>
 <ExportList>
  <FormName>
   otherForm_375
  </FormName>
  <UserID>
   USER179
  </UserID>
  <OpeningTimestamp>
   2016-11-07T10:04:04
  </OpeningTimestamp>
  <ClosingTimestamp>
   2016-11-07T10:04:07
  </ClosingTimestamp>
 </ExportList>
 <ExportList>
  <FormName>
   otherForm_615
  </FormName>
  <UserID>
   USER179
  </UserID>
  <OpeningTimestamp>
   2016-11-07T10:03:52
  </OpeningTimestamp>
  <ClosingTimestamp>
   2016-11-07T10:03:58
  </ClosingTimestamp>
 </ExportList>
 <ExportList>
  <FormName>
   otherForm_616
  </FormName>
  <UserID>
   USER179
  </UserID>
  <OpeningTimestamp>
   2016-11-07T10:03:48
  </OpeningTimestamp>
  <ClosingTimestamp>
   2016-11-07T10:03:50
  </ClosingTimestamp>
 </ExportList>
 <ExportList>
  <FormName>
   otherForm_375
  </FormName>
  <UserID>
   USER179
  </UserID>
  <OpeningTimestamp>
   2016-11-07T10:03:45
  </OpeningTimestamp>
  <ClosingTimestamp>
   2016-11-07T10:04:00
  </ClosingTimestamp>
 </ExportList>
 <ExportList>
  <FormName>
   otherForm_306
  </FormName>
  <UserID>
   USER179
  </UserID>
  <OpeningTimestamp>
   2016-11-07T10:03:42
  </OpeningTimestamp>
  <ClosingTimestamp>
   2016-11-07T10:04:24
  </ClosingTimestamp>
 </ExportList>
 <ExportList>
  <FormName>
   LEVEL2_FORM_11
  </FormName>
  <UserID>
   USER179
  </UserID>
  <OpeningTimestamp>
   2016-11-07T10:03:39
  </OpeningTimestamp>
  <ClosingTimestamp>
   2016-11-07T10:04:25
  </ClosingTimestamp>
 </ExportList>
 <ExportList>
  <FormName>
   otherForm_274
  </FormName>
  <UserID>
   USER179
  </UserID>
  <OpeningTimestamp>
   2016-11-07T10:03:29
  </OpeningTimestamp>
  <ClosingTimestamp>
   2016-11-07T10:03:37
  </ClosingTimestamp>
 </ExportList>
 <ExportList>
  <FormName>
   LEVEL1_HOME_FORM
  </FormName>
  <UserID>
   USER179
  </UserID>
  <OpeningTimestamp>
   2016-11-07T10:03:22
  </OpeningTimestamp>
  <ClosingTimestamp>
   2016-11-07T10:08:18
  </ClosingTimestamp>
 </ExportList>
 <ExportList>
  <FormName>
   otherForm_374
  </FormName>
  <UserID>
   USER179
  </UserID>
  <OpeningTimestamp>
   2016-11-07T10:01:57
  </OpeningTimestamp>
  <ClosingTimestamp>
   2016-11-07T10:02:09
  </ClosingTimestamp>
 </ExportList>
 <ExportList>
  <FormName>
   otherForm_375
  </FormName>
  <UserID>
   USER179
  </UserID>
  <OpeningTimestamp>
   2016-11-07T10:01:53
  </OpeningTimestamp>
  <ClosingTimestamp>
   2016-11-07T10:02:49
  </ClosingTimestamp>
 </ExportList>
 <ExportList>
  <FormName>
   otherForm_397
  </FormName>
  <UserID>
   USER179
  </UserID>
  <OpeningTimestamp>
   2016-11-07T09:58:26
  </OpeningTimestamp>
  <ClosingTimestamp>
   2016-11-07T09:58:52
  </ClosingTimestamp>
 </ExportList>
 <ExportList>
  <FormName>
   otherForm_375
  </FormName>
  <UserID>
   USER179
  </UserID>
  <OpeningTimestamp>
   2016-11-07T09:58:15
  </OpeningTimestamp>
  <ClosingTimestamp>
   2016-11-07T10:01:23
  </ClosingTimestamp>
 </ExportList>
 <ExportList>
  <FormName>
   otherForm_375
  </FormName>
  <UserID>
   USER179
  </UserID>
  <OpeningTimestamp>
   2016-11-07T09:57:55
  </OpeningTimestamp>
  <ClosingTimestamp>
   2016-11-07T09:57:58
  </ClosingTimestamp>
 </ExportList>
 <ExportList>
  <FormName>
   otherForm_375
  </FormName>
  <UserID>
   USER179
  </UserID>
  <OpeningTimestamp>
   2016-11-07T09:57:45
  </OpeningTimestamp>
  <ClosingTimestamp>
   2016-11-07T09:57:48
  </ClosingTimestamp>
 </ExportList>
 <ExportList>
  <FormName>
   otherForm_616
  </FormName>
  <UserID>
   USER179
  </UserID>
  <OpeningTimestamp>
   2016-11-07T09:57:25
  </OpeningTimestamp>
  <ClosingTimestamp>
   2016-11-07T09:57:29
  </ClosingTimestamp>
 </ExportList>
 <ExportList>
  <FormName>
   otherForm_375
  </FormName>
  <UserID>
   USER179
  </UserID>
  <OpeningTimestamp>
   2016-11-07T09:57:20
  </OpeningTimestamp>
  <ClosingTimestamp>
   2016-11-07T09:57:37
  </ClosingTimestamp>
 </ExportList>
 <ExportList>
  <FormName>
   otherForm_306
  </FormName>
  <UserID>
   USER179
  </UserID>
  <OpeningTimestamp>
   2016-11-07T09:57:15
  </OpeningTimestamp>
  <ClosingTimestamp>
   2016-11-07T10:02:53
  </ClosingTimestamp>
 </ExportList>
 <ExportList>
  <FormName>
   LEVEL2_FORM_11
  </FormName>
  <UserID>
   USER179
  </UserID>
  <OpeningTimestamp>
   2016-11-07T09:56:53
  </OpeningTimestamp>
  <ClosingTimestamp>
   2016-11-07T10:02:54
  </ClosingTimestamp>
 </ExportList>
 <ExportList>
  <FormName>
   otherForm_274
  </FormName>
  <UserID>
   USER179
  </UserID>
  <OpeningTimestamp>
   2016-11-07T09:56:38
  </OpeningTimestamp>
  <ClosingTimestamp>
   2016-11-07T09:56:51
  </ClosingTimestamp>
 </ExportList>
 <ExportList>
  <FormName>
   LEVEL1_HOME_FORM
  </FormName>
  <UserID>
   USER179
  </UserID>
  <OpeningTimestamp>
   2016-11-07T09:56:33
  </OpeningTimestamp>
  <ClosingTimestamp>
   2016-11-07T10:03:01
  </ClosingTimestamp>
 </ExportList>
</dataroot>